\BOOKMARK [0][-]{chapter.1}{\376\377\0001\000\040\000\315\000n\000d\000i\000c\000e\000\040\000d\000o\000s\000\040\000n\000a\000m\000e\000s\000p\000a\000c\000e\000s}{}% 1
\BOOKMARK [1][-]{section.1.1}{\376\377\0001\000.\0001\000\040\000P\000a\000c\000o\000t\000e\000s}{chapter.1}% 2
\BOOKMARK [0][-]{chapter.2}{\376\377\0002\000\040\000\315\000n\000d\000i\000c\000e\000\040\000d\000a\000\040\000h\000i\000e\000r\000a\000r\000q\000u\000i\000a}{}% 3
\BOOKMARK [1][-]{section.2.1}{\376\377\0002\000.\0001\000\040\000H\000i\000e\000r\000a\000r\000q\000u\000i\000a\000\040\000d\000e\000\040\000c\000l\000a\000s\000s\000e\000s}{chapter.2}% 4
\BOOKMARK [0][-]{chapter.3}{\376\377\0003\000\040\000\315\000n\000d\000i\000c\000e\000\040\000d\000o\000s\000\040\000c\000o\000m\000p\000o\000n\000e\000n\000t\000e\000s}{}% 5
\BOOKMARK [1][-]{section.3.1}{\376\377\0003\000.\0001\000\040\000L\000i\000s\000t\000a\000\040\000d\000e\000\040\000c\000o\000m\000p\000o\000n\000e\000n\000t\000e\000s}{chapter.3}% 6
\BOOKMARK [0][-]{chapter.4}{\376\377\0004\000\040\000\315\000n\000d\000i\000c\000e\000\040\000d\000o\000s\000\040\000f\000i\000c\000h\000e\000i\000r\000o\000s}{}% 7
\BOOKMARK [1][-]{section.4.1}{\376\377\0004\000.\0001\000\040\000L\000i\000s\000t\000a\000\040\000d\000e\000\040\000f\000i\000c\000h\000e\000i\000r\000o\000s}{chapter.4}% 8
\BOOKMARK [0][-]{chapter.5}{\376\377\0005\000\040\000D\000o\000c\000u\000m\000e\000n\000t\000a\000\347\000\343\000o\000\040\000d\000o\000s\000\040\000n\000a\000m\000e\000s\000p\000a\000c\000e\000s}{}% 9
\BOOKMARK [1][-]{section.5.1}{\376\377\0005\000.\0001\000\040\000P\000a\000c\000o\000t\000e\000\040\000H\000e\000r\000o\000Q\000u\000e\000s\000t}{chapter.5}% 10
\BOOKMARK [1][-]{section.5.2}{\376\377\0005\000.\0002\000\040\000P\000a\000c\000o\000t\000e\000\040\000H\000e\000r\000o\000Q\000u\000e\000s\000t\000.\000E\000n\000t\000i\000d\000a\000d\000e}{chapter.5}% 11
\BOOKMARK [1][-]{section.5.3}{\376\377\0005\000.\0003\000\040\000P\000a\000c\000o\000t\000e\000\040\000H\000e\000r\000o\000Q\000u\000e\000s\000t\000.\000G\000a\000m\000e\000S\000y\000s\000t\000e\000m}{chapter.5}% 12
\BOOKMARK [1][-]{section.5.4}{\376\377\0005\000.\0004\000\040\000P\000a\000c\000o\000t\000e\000\040\000H\000e\000r\000o\000Q\000u\000e\000s\000t\000.\000I\000m\000a\000g\000e\000m}{chapter.5}% 13
\BOOKMARK [0][-]{chapter.6}{\376\377\0006\000\040\000D\000o\000c\000u\000m\000e\000n\000t\000a\000\347\000\343\000o\000\040\000d\000a\000\040\000c\000l\000a\000s\000s\000e}{}% 14
\BOOKMARK [1][-]{section.6.1}{\376\377\0006\000.\0001\000\040\000R\000e\000f\000e\000r\000\352\000n\000c\000i\000a\000\040\000\340\000\040\000c\000l\000a\000s\000s\000e\000\040\000H\000e\000r\000o\000Q\000u\000e\000s\000t\000.\000E\000n\000t\000i\000d\000a\000d\000e\000.\000A\000r\000m\000a}{chapter.6}% 15
\BOOKMARK [1][-]{section.6.2}{\376\377\0006\000.\0002\000\040\000R\000e\000f\000e\000r\000\352\000n\000c\000i\000a\000\040\000\340\000\040\000c\000l\000a\000s\000s\000e\000\040\000H\000e\000r\000o\000Q\000u\000e\000s\000t\000.\000E\000n\000t\000i\000d\000a\000d\000e\000.\000A\000r\000m\000a\000d\000u\000r\000a}{chapter.6}% 16
\BOOKMARK [2][-]{subsection.6.2.1}{\376\377\0006\000.\0002\000.\0001\000\040\000D\000o\000c\000u\000m\000e\000n\000t\000a\000\347\000\343\000o\000\040\000d\000o\000s\000\040\000m\000\351\000t\000o\000d\000o\000s}{section.6.2}% 17
\BOOKMARK [3][-]{subsubsection.6.2.1.1}{\376\377\0006\000.\0002\000.\0001\000.\0001\000\040\000c\000o\000n\000v\000e\000r\000t\000e\000D\000a\000n\000o\000\050\000\051}{subsection.6.2.1}% 18
\BOOKMARK [1][-]{section.6.3}{\376\377\0006\000.\0003\000\040\000R\000e\000f\000e\000r\000\352\000n\000c\000i\000a\000\040\000\340\000\040\000c\000l\000a\000s\000s\000e\000\040\000H\000e\000r\000o\000Q\000u\000e\000s\000t\000.\000E\000n\000t\000i\000d\000a\000d\000e\000.\000C\000o\000n\000s\000u\000m\000\355\000v\000e\000l}{chapter.6}% 19
\BOOKMARK [1][-]{section.6.4}{\376\377\0006\000.\0004\000\040\000R\000e\000f\000e\000r\000\352\000n\000c\000i\000a\000\040\000\340\000\040\000c\000l\000a\000s\000s\000e\000\040\000H\000e\000r\000o\000Q\000u\000e\000s\000t\000.\000E\000n\000t\000i\000d\000a\000d\000e\000.\000E\000n\000t\000i\000d\000a\000d\000e}{chapter.6}% 20
\BOOKMARK [2][-]{subsection.6.4.1}{\376\377\0006\000.\0004\000.\0001\000\040\000D\000o\000c\000u\000m\000e\000n\000t\000a\000\347\000\343\000o\000\040\000d\000o\000s\000\040\000C\000o\000n\000s\000t\000r\000u\000t\000o\000r\000e\000s\000\040\000\046\000\040\000D\000e\000s\000t\000r\000u\000t\000o\000r}{section.6.4}% 21
\BOOKMARK [3][-]{subsubsection.6.4.1.1}{\376\377\0006\000.\0004\000.\0001\000.\0001\000\040\000E\000n\000t\000i\000d\000a\000d\000e\000\050\000\051}{subsection.6.4.1}% 22
\BOOKMARK [2][-]{subsection.6.4.2}{\376\377\0006\000.\0004\000.\0002\000\040\000D\000o\000c\000u\000m\000e\000n\000t\000a\000\347\000\343\000o\000\040\000d\000o\000s\000\040\000m\000\351\000t\000o\000d\000o\000s}{section.6.4}% 23
\BOOKMARK [3][-]{subsubsection.6.4.2.1}{\376\377\0006\000.\0004\000.\0002\000.\0001\000\040\000a\000d\000j\000a\000c\000e\000n\000t\000e\000\050\000\051}{subsection.6.4.2}% 24
\BOOKMARK [3][-]{subsubsection.6.4.2.2}{\376\377\0006\000.\0004\000.\0002\000.\0002\000\040\000e\000x\000i\000s\000t\000e\000\050\000\051}{subsection.6.4.2}% 25
\BOOKMARK [3][-]{subsubsection.6.4.2.3}{\376\377\0006\000.\0004\000.\0002\000.\0003\000\040\000g\000e\000t\000G\000U\000I\000\050\000\051}{subsection.6.4.2}% 26
\BOOKMARK [3][-]{subsubsection.6.4.2.4}{\376\377\0006\000.\0004\000.\0002\000.\0004\000\040\000m\000a\000i\000s\000P\000r\000o\000x\000i\000m\000o\000\050\000\051}{subsection.6.4.2}% 27
\BOOKMARK [3][-]{subsubsection.6.4.2.5}{\376\377\0006\000.\0004\000.\0002\000.\0005\000\040\000m\000o\000r\000r\000e\000r\000\050\000\051}{subsection.6.4.2}% 28
\BOOKMARK [3][-]{subsubsection.6.4.2.6}{\376\377\0006\000.\0004\000.\0002\000.\0006\000\040\000r\000u\000n\000\050\000\051}{subsection.6.4.2}% 29
\BOOKMARK [3][-]{subsubsection.6.4.2.7}{\376\377\0006\000.\0004\000.\0002\000.\0007\000\040\000s\000h\000o\000w\000\050\000\051}{subsection.6.4.2}% 30
\BOOKMARK [3][-]{subsubsection.6.4.2.8}{\376\377\0006\000.\0004\000.\0002\000.\0008\000\040\000s\000h\000o\000w\000G\000U\000I\000\050\000\051}{subsection.6.4.2}% 31
\BOOKMARK [3][-]{subsubsection.6.4.2.9}{\376\377\0006\000.\0004\000.\0002\000.\0009\000\040\000t\000r\000a\000n\000s\000p\000o\000n\000\355\000v\000e\000l\000\050\000\051}{subsection.6.4.2}% 32
\BOOKMARK [2][-]{subsection.6.4.3}{\376\377\0006\000.\0004\000.\0003\000\040\000D\000o\000c\000u\000m\000e\000n\000t\000a\000\347\000\343\000o\000\040\000d\000o\000s\000\040\000d\000a\000d\000o\000s\000\040\000m\000e\000m\000b\000r\000o}{section.6.4}% 33
\BOOKMARK [3][-]{subsubsection.6.4.3.1}{\376\377\0006\000.\0004\000.\0003\000.\0001\000\040\000e\000s\000t\000a\000d\000o}{subsection.6.4.3}% 34
\BOOKMARK [3][-]{subsubsection.6.4.3.2}{\376\377\0006\000.\0004\000.\0003\000.\0002\000\040\000g\000r\000u\000p\000o}{subsection.6.4.3}% 35
\BOOKMARK [3][-]{subsubsection.6.4.3.3}{\376\377\0006\000.\0004\000.\0003\000.\0003\000\040\000g\000u\000i}{subsection.6.4.3}% 36
\BOOKMARK [3][-]{subsubsection.6.4.3.4}{\376\377\0006\000.\0004\000.\0003\000.\0004\000\040\000i\000n\000v\000e\000n\000t\000\341\000r\000i\000o}{subsection.6.4.3}% 37
\BOOKMARK [3][-]{subsubsection.6.4.3.5}{\376\377\0006\000.\0004\000.\0003\000.\0005\000\040\000n\000o\000m\000e}{subsection.6.4.3}% 38
\BOOKMARK [3][-]{subsubsection.6.4.3.6}{\376\377\0006\000.\0004\000.\0003\000.\0006\000\040\000p\000o\000s\000e}{subsection.6.4.3}% 39
\BOOKMARK [3][-]{subsubsection.6.4.3.7}{\376\377\0006\000.\0004\000.\0003\000.\0007\000\040\000s\000p\000r\000i\000t\000e}{subsection.6.4.3}% 40
\BOOKMARK [1][-]{section.6.5}{\376\377\0006\000.\0005\000\040\000R\000e\000f\000e\000r\000\352\000n\000c\000i\000a\000\040\000\340\000\040\000c\000l\000a\000s\000s\000e\000\040\000H\000e\000r\000o\000Q\000u\000e\000s\000t\000.\000G\000U\000I}{chapter.6}% 41
\BOOKMARK [1][-]{section.6.6}{\376\377\0006\000.\0006\000\040\000R\000e\000f\000e\000r\000\352\000n\000c\000i\000a\000\040\000\340\000\040\000c\000l\000a\000s\000s\000e\000\040\000H\000e\000r\000o\000Q\000u\000e\000s\000t\000.\000E\000n\000t\000i\000d\000a\000d\000e\000.\000H\000e\000r\000\363\000i}{chapter.6}% 42
\BOOKMARK [1][-]{section.6.7}{\376\377\0006\000.\0007\000\040\000R\000e\000f\000e\000r\000\352\000n\000c\000i\000a\000\040\000\340\000\040\000c\000l\000a\000s\000s\000e\000\040\000H\000e\000r\000o\000Q\000u\000e\000s\000t\000.\000E\000n\000t\000i\000d\000a\000d\000e\000.\000I\000n\000v\000e\000n\000t\000\341\000r\000i\000o}{chapter.6}% 43
\BOOKMARK [1][-]{section.6.8}{\376\377\0006\000.\0008\000\040\000R\000e\000f\000e\000r\000\352\000n\000c\000i\000a\000\040\000\340\000\040\000c\000l\000a\000s\000s\000e\000\040\000H\000e\000r\000o\000Q\000u\000e\000s\000t\000.\000E\000n\000t\000i\000d\000a\000d\000e\000.\000I\000t\000e\000m}{chapter.6}% 44
\BOOKMARK [2][-]{subsection.6.8.1}{\376\377\0006\000.\0008\000.\0001\000\040\000D\000o\000c\000u\000m\000e\000n\000t\000a\000\347\000\343\000o\000\040\000d\000o\000s\000\040\000d\000a\000d\000o\000s\000\040\000m\000e\000m\000b\000r\000o}{section.6.8}% 45
\BOOKMARK [3][-]{subsubsection.6.8.1.1}{\376\377\0006\000.\0008\000.\0001\000.\0001\000\040\000n\000o\000m\000e}{subsection.6.8.1}% 46
\BOOKMARK [3][-]{subsubsection.6.8.1.2}{\376\377\0006\000.\0008\000.\0001\000.\0002\000\040\000v\000a\000l\000o\000r}{subsection.6.8.1}% 47
\BOOKMARK [1][-]{section.6.9}{\376\377\0006\000.\0009\000\040\000R\000e\000f\000e\000r\000\352\000n\000c\000i\000a\000\040\000\340\000\040\000c\000l\000a\000s\000s\000e\000\040\000H\000e\000r\000o\000Q\000u\000e\000s\000t\000.\000G\000a\000m\000e\000S\000y\000s\000t\000e\000m\000.\000J\000o\000g\000o}{chapter.6}% 48
\BOOKMARK [2][-]{subsection.6.9.1}{\376\377\0006\000.\0009\000.\0001\000\040\000D\000o\000c\000u\000m\000e\000n\000t\000a\000\347\000\343\000o\000\040\000d\000o\000s\000\040\000C\000o\000n\000s\000t\000r\000u\000t\000o\000r\000e\000s\000\040\000\046\000\040\000D\000e\000s\000t\000r\000u\000t\000o\000r}{section.6.9}% 49
\BOOKMARK [3][-]{subsubsection.6.9.1.1}{\376\377\0006\000.\0009\000.\0001\000.\0001\000\040\000J\000o\000g\000o\000\050\000\051\000\040\000[\0001\000/\0003\000]}{subsection.6.9.1}% 50
\BOOKMARK [3][-]{subsubsection.6.9.1.2}{\376\377\0006\000.\0009\000.\0001\000.\0002\000\040\000J\000o\000g\000o\000\050\000\051\000\040\000[\0002\000/\0003\000]}{subsection.6.9.1}% 51
\BOOKMARK [3][-]{subsubsection.6.9.1.3}{\376\377\0006\000.\0009\000.\0001\000.\0003\000\040\000J\000o\000g\000o\000\050\000\051\000\040\000[\0003\000/\0003\000]}{subsection.6.9.1}% 52
\BOOKMARK [2][-]{subsection.6.9.2}{\376\377\0006\000.\0009\000.\0002\000\040\000D\000o\000c\000u\000m\000e\000n\000t\000a\000\347\000\343\000o\000\040\000d\000o\000s\000\040\000m\000\351\000t\000o\000d\000o\000s}{section.6.9}% 53
\BOOKMARK [3][-]{subsubsection.6.9.2.1}{\376\377\0006\000.\0009\000.\0002\000.\0001\000\040\000i\000n\000i\000c\000i\000a\000r\000\050\000\051}{subsection.6.9.2}% 54
\BOOKMARK [1][-]{section.6.10}{\376\377\0006\000.\0001\0000\000\040\000R\000e\000f\000e\000r\000\352\000n\000c\000i\000a\000\040\000\340\000\040\000c\000l\000a\000s\000s\000e\000\040\000H\000e\000r\000o\000Q\000u\000e\000s\000t\000.\000G\000a\000m\000e\000S\000y\000s\000t\000e\000m\000.\000L\000o\000a\000d\000e\000r}{chapter.6}% 55
\BOOKMARK [2][-]{subsection.6.10.1}{\376\377\0006\000.\0001\0000\000.\0001\000\040\000D\000o\000c\000u\000m\000e\000n\000t\000a\000\347\000\343\000o\000\040\000d\000o\000s\000\040\000C\000o\000n\000s\000t\000r\000u\000t\000o\000r\000e\000s\000\040\000\046\000\040\000D\000e\000s\000t\000r\000u\000t\000o\000r}{section.6.10}% 56
\BOOKMARK [3][-]{subsubsection.6.10.1.1}{\376\377\0006\000.\0001\0000\000.\0001\000.\0001\000\040\000L\000o\000a\000d\000e\000r\000\050\000\051}{subsection.6.10.1}% 57
\BOOKMARK [2][-]{subsection.6.10.2}{\376\377\0006\000.\0001\0000\000.\0002\000\040\000D\000o\000c\000u\000m\000e\000n\000t\000a\000\347\000\343\000o\000\040\000d\000o\000s\000\040\000m\000\351\000t\000o\000d\000o\000s}{section.6.10}% 58
\BOOKMARK [3][-]{subsubsection.6.10.2.1}{\376\377\0006\000.\0001\0000\000.\0002\000.\0001\000\040\000g\000e\000t\000I\000n\000i\000c\000i\000o\000\050\000\051}{subsection.6.10.2}% 59
\BOOKMARK [3][-]{subsubsection.6.10.2.2}{\376\377\0006\000.\0001\0000\000.\0002\000.\0002\000\040\000g\000e\000t\000S\000a\000l\000a\000\050\000\051}{subsection.6.10.2}% 60
\BOOKMARK [1][-]{section.6.11}{\376\377\0006\000.\0001\0001\000\040\000R\000e\000f\000e\000r\000\352\000n\000c\000i\000a\000\040\000\340\000\040\000c\000l\000a\000s\000s\000e\000\040\000H\000e\000r\000o\000Q\000u\000e\000s\000t\000.\000E\000n\000t\000i\000d\000a\000d\000e\000.\000N\000P\000C}{chapter.6}% 61
\BOOKMARK [1][-]{section.6.12}{\376\377\0006\000.\0001\0002\000\040\000R\000e\000f\000e\000r\000\352\000n\000c\000i\000a\000\040\000\340\000\040\000c\000l\000a\000s\000s\000e\000\040\000H\000e\000r\000o\000Q\000u\000e\000s\000t\000.\000E\000n\000t\000i\000d\000a\000d\000e\000.\000P\000o\000r\000t\000a\000l}{chapter.6}% 62
\BOOKMARK [2][-]{subsection.6.12.1}{\376\377\0006\000.\0001\0002\000.\0001\000\040\000D\000o\000c\000u\000m\000e\000n\000t\000a\000\347\000\343\000o\000\040\000d\000o\000s\000\040\000m\000\351\000t\000o\000d\000o\000s}{section.6.12}% 63
\BOOKMARK [3][-]{subsubsection.6.12.1.1}{\376\377\0006\000.\0001\0002\000.\0001\000.\0001\000\040\000i\000d\000A\000t\000u\000a\000l\000\050\000\051}{subsection.6.12.1}% 64
\BOOKMARK [1][-]{section.6.13}{\376\377\0006\000.\0001\0003\000\040\000R\000e\000f\000e\000r\000\352\000n\000c\000i\000a\000\040\000\340\000\040\000c\000l\000a\000s\000s\000e\000\040\000H\000e\000r\000o\000Q\000u\000e\000s\000t\000.\000P\000o\000s\000e}{chapter.6}% 65
\BOOKMARK [2][-]{subsection.6.13.1}{\376\377\0006\000.\0001\0003\000.\0001\000\040\000D\000o\000c\000u\000m\000e\000n\000t\000a\000\347\000\343\000o\000\040\000d\000o\000s\000\040\000m\000\351\000t\000o\000d\000o\000s}{section.6.13}% 66
\BOOKMARK [3][-]{subsubsection.6.13.1.1}{\376\377\0006\000.\0001\0003\000.\0001\000.\0001\000\040\000a\000d\000j\000a\000c\000e\000n\000t\000e\000\050\000\051}{subsection.6.13.1}% 67
\BOOKMARK [3][-]{subsubsection.6.13.1.2}{\376\377\0006\000.\0001\0003\000.\0001\000.\0002\000\040\000i\000g\000u\000a\000l\000\050\000\051}{subsection.6.13.1}% 68
\BOOKMARK [1][-]{section.6.14}{\376\377\0006\000.\0001\0004\000\040\000R\000e\000f\000e\000r\000\352\000n\000c\000i\000a\000\040\000\340\000\040\000c\000l\000a\000s\000s\000e\000\040\000H\000e\000r\000o\000Q\000u\000e\000s\000t\000.\000G\000a\000m\000e\000S\000y\000s\000t\000e\000m\000.\000S\000a\000l\000a}{chapter.6}% 69
\BOOKMARK [2][-]{subsection.6.14.1}{\376\377\0006\000.\0001\0004\000.\0001\000\040\000D\000o\000c\000u\000m\000e\000n\000t\000a\000\347\000\343\000o\000\040\000d\000o\000s\000\040\000m\000\351\000t\000o\000d\000o\000s}{section.6.14}% 70
\BOOKMARK [3][-]{subsubsection.6.14.1.1}{\376\377\0006\000.\0001\0004\000.\0001\000.\0001\000\040\000g\000e\000t\000E\000n\000t\000i\000d\000a\000d\000e\000s\000\050\000\051}{subsection.6.14.1}% 71
\BOOKMARK [3][-]{subsubsection.6.14.1.2}{\376\377\0006\000.\0001\0004\000.\0001\000.\0002\000\040\000r\000u\000n\000\050\000\051}{subsection.6.14.1}% 72
\BOOKMARK [3][-]{subsubsection.6.14.1.3}{\376\377\0006\000.\0001\0004\000.\0001\000.\0003\000\040\000s\000a\000i\000d\000a\000\050\000\051}{subsection.6.14.1}% 73
\BOOKMARK [3][-]{subsubsection.6.14.1.4}{\376\377\0006\000.\0001\0004\000.\0001\000.\0004\000\040\000s\000h\000o\000w\000\050\000\051}{subsection.6.14.1}% 74
\BOOKMARK [1][-]{section.6.15}{\376\377\0006\000.\0001\0005\000\040\000R\000e\000f\000e\000r\000\352\000n\000c\000i\000a\000\040\000\340\000\040\000c\000l\000a\000s\000s\000e\000\040\000H\000e\000r\000o\000Q\000u\000e\000s\000t\000.\000E\000n\000t\000i\000d\000a\000d\000e\000.\000S\000e\000r}{chapter.6}% 75
\BOOKMARK [2][-]{subsection.6.15.1}{\376\377\0006\000.\0001\0005\000.\0001\000\040\000D\000o\000c\000u\000m\000e\000n\000t\000a\000\347\000\343\000o\000\040\000d\000o\000s\000\040\000m\000\351\000t\000o\000d\000o\000s}{section.6.15}% 76
\BOOKMARK [3][-]{subsubsection.6.15.1.1}{\376\377\0006\000.\0001\0005\000.\0001\000.\0001\000\040\000c\000u\000r\000a\000r\000\050\000\051}{subsection.6.15.1}% 77
\BOOKMARK [3][-]{subsubsection.6.15.1.2}{\376\377\0006\000.\0001\0005\000.\0001\000.\0002\000\040\000d\000r\000o\000p\000\050\000\051}{subsection.6.15.1}% 78
\BOOKMARK [3][-]{subsubsection.6.15.1.3}{\376\377\0006\000.\0001\0005\000.\0001\000.\0003\000\040\000m\000o\000v\000i\000m\000e\000n\000t\000a\000r\000\050\000\051}{subsection.6.15.1}% 79
\BOOKMARK [3][-]{subsubsection.6.15.1.4}{\376\377\0006\000.\0001\0005\000.\0001\000.\0004\000\040\000r\000e\000a\000l\000i\000z\000a\000r\000A\000t\000a\000q\000u\000e\000\050\000\051}{subsection.6.15.1}% 80
\BOOKMARK [3][-]{subsubsection.6.15.1.5}{\376\377\0006\000.\0001\0005\000.\0001\000.\0005\000\040\000r\000u\000n\000\050\000\051}{subsection.6.15.1}% 81
\BOOKMARK [3][-]{subsubsection.6.15.1.6}{\376\377\0006\000.\0001\0005\000.\0001\000.\0006\000\040\000s\000o\000f\000r\000e\000r\000A\000t\000a\000q\000u\000e\000\050\000\051}{subsection.6.15.1}% 82
\BOOKMARK [2][-]{subsection.6.15.2}{\376\377\0006\000.\0001\0005\000.\0002\000\040\000D\000o\000c\000u\000m\000e\000n\000t\000a\000\347\000\343\000o\000\040\000d\000o\000s\000\040\000d\000a\000d\000o\000s\000\040\000m\000e\000m\000b\000r\000o}{section.6.15}% 83
\BOOKMARK [3][-]{subsubsection.6.15.2.1}{\376\377\0006\000.\0001\0005\000.\0002\000.\0001\000\040\000a\000r\000m\000a\000d\000u\000r\000a}{subsection.6.15.2}% 84
\BOOKMARK [3][-]{subsubsection.6.15.2.2}{\376\377\0006\000.\0001\0005\000.\0002\000.\0002\000\040\000c\000a\000s\000t\000e\000r}{subsection.6.15.2}% 85
\BOOKMARK [3][-]{subsubsection.6.15.2.3}{\376\377\0006\000.\0001\0005\000.\0002\000.\0003\000\040\000d\000i\000n\000h\000e\000i\000r\000o}{subsection.6.15.2}% 86
\BOOKMARK [3][-]{subsubsection.6.15.2.4}{\376\377\0006\000.\0001\0005\000.\0002\000.\0004\000\040\000i\000t\000e\000n\000s\000E\000q\000u\000i\000p\000a\000d\000o\000s}{subsection.6.15.2}% 87
\BOOKMARK [3][-]{subsubsection.6.15.2.5}{\376\377\0006\000.\0001\0005\000.\0002\000.\0005\000\040\000v\000i\000d\000a}{subsection.6.15.2}% 88
\BOOKMARK [1][-]{section.6.16}{\376\377\0006\000.\0001\0006\000\040\000R\000e\000f\000e\000r\000\352\000n\000c\000i\000a\000\040\000\340\000\040\000c\000l\000a\000s\000s\000e\000\040\000H\000e\000r\000o\000Q\000u\000e\000s\000t\000.\000I\000m\000a\000g\000e\000m\000.\000S\000p\000r\000i\000t\000e}{chapter.6}% 89
\BOOKMARK [2][-]{subsection.6.16.1}{\376\377\0006\000.\0001\0006\000.\0001\000\040\000D\000o\000c\000u\000m\000e\000n\000t\000a\000\347\000\343\000o\000\040\000d\000o\000s\000\040\000m\000\351\000t\000o\000d\000o\000s}{section.6.16}% 90
\BOOKMARK [3][-]{subsubsection.6.16.1.1}{\376\377\0006\000.\0001\0006\000.\0001\000.\0001\000\040\000i\000m\000p\000r\000i\000m\000i\000r\000\050\000\051}{subsection.6.16.1}% 91
\BOOKMARK [1][-]{section.6.17}{\376\377\0006\000.\0001\0007\000\040\000R\000e\000f\000e\000r\000\352\000n\000c\000i\000a\000\040\000\340\000\040\000c\000l\000a\000s\000s\000e\000\040\000H\000e\000r\000o\000Q\000u\000e\000s\000t\000.\000I\000m\000a\000g\000e\000m\000.\000S\000p\000r\000i\000t\000e\000B\000u\000f\000f\000e\000r}{chapter.6}% 92
\BOOKMARK [2][-]{subsection.6.17.1}{\376\377\0006\000.\0001\0007\000.\0001\000\040\000D\000o\000c\000u\000m\000e\000n\000t\000a\000\347\000\343\000o\000\040\000d\000o\000s\000\040\000d\000a\000d\000o\000s\000\040\000m\000e\000m\000b\000r\000o}{section.6.17}% 93
\BOOKMARK [3][-]{subsubsection.6.17.1.1}{\376\377\0006\000.\0001\0007\000.\0001\000.\0001\000\040\000p\000o\000s\000e}{subsection.6.17.1}% 94
\BOOKMARK [3][-]{subsubsection.6.17.1.2}{\376\377\0006\000.\0001\0007\000.\0001\000.\0002\000\040\000p\000r\000i\000o\000r\000i\000d\000a\000d\000e}{subsection.6.17.1}% 95
\BOOKMARK [3][-]{subsubsection.6.17.1.3}{\376\377\0006\000.\0001\0007\000.\0001\000.\0003\000\040\000s\000p\000r\000i\000t\000e}{subsection.6.17.1}% 96
\BOOKMARK [1][-]{section.6.18}{\376\377\0006\000.\0001\0008\000\040\000R\000e\000f\000e\000r\000\352\000n\000c\000i\000a\000\040\000\340\000\040\000c\000l\000a\000s\000s\000e\000\040\000H\000e\000r\000o\000Q\000u\000e\000s\000t\000.\000E\000n\000t\000i\000d\000a\000d\000e\000.\000S\000\363\000l\000i\000d\000o}{chapter.6}% 97
\BOOKMARK [1][-]{section.6.19}{\376\377\0006\000.\0001\0009\000\040\000R\000e\000f\000e\000r\000\352\000n\000c\000i\000a\000\040\000\340\000\040\000c\000l\000a\000s\000s\000e\000\040\000H\000e\000r\000o\000Q\000u\000e\000s\000t\000.\000I\000m\000a\000g\000e\000m\000.\000T\000e\000l\000a}{chapter.6}% 98
\BOOKMARK [2][-]{subsection.6.19.1}{\376\377\0006\000.\0001\0009\000.\0001\000\040\000D\000o\000c\000u\000m\000e\000n\000t\000a\000\347\000\343\000o\000\040\000d\000o\000s\000\040\000m\000\351\000t\000o\000d\000o\000s}{section.6.19}% 99
\BOOKMARK [3][-]{subsubsection.6.19.1.1}{\376\377\0006\000.\0001\0009\000.\0001\000.\0001\000\040\000a\000t\000u\000a\000l\000i\000z\000a\000r\000\050\000\051}{subsection.6.19.1}% 100
\BOOKMARK [3][-]{subsubsection.6.19.1.2}{\376\377\0006\000.\0001\0009\000.\0001\000.\0002\000\040\000r\000e\000c\000e\000b\000e\000r\000B\000u\000f\000f\000e\000r\000\050\000\051\000\040\000[\0001\000/\0002\000]}{subsection.6.19.1}% 101
\BOOKMARK [3][-]{subsubsection.6.19.1.3}{\376\377\0006\000.\0001\0009\000.\0001\000.\0003\000\040\000r\000e\000c\000e\000b\000e\000r\000B\000u\000f\000f\000e\000r\000\050\000\051\000\040\000[\0002\000/\0002\000]}{subsection.6.19.1}% 102
\BOOKMARK [3][-]{subsubsection.6.19.1.4}{\376\377\0006\000.\0001\0009\000.\0001\000.\0004\000\040\000s\000h\000o\000w\000\050\000\051}{subsection.6.19.1}% 103
\BOOKMARK [0][-]{chapter.7}{\376\377\0007\000\040\000D\000o\000c\000u\000m\000e\000n\000t\000a\000\347\000\343\000o\000\040\000d\000o\000\040\000f\000i\000c\000h\000e\000i\000r\000o}{}% 104
\BOOKMARK [1][-]{section.7.1}{\376\377\0007\000.\0001\000\040\000R\000e\000f\000e\000r\000\352\000n\000c\000i\000a\000\040\000a\000o\000\040\000f\000i\000c\000h\000e\000i\000r\000o\000\040\000C\000:\000/\000U\000s\000e\000r\000s\000/\000e\000l\000t\000s\000u\000/\000D\000o\000c\000u\000m\000e\000n\000t\000s\000/\000G\000i\000t\000H\000u\000b\000/\000M\000C\0003\0002\0002\000-\000P\000r\000o\000j\000e\000t\000o\000/\000J\000a\000v\000a\000U\000M\000L\000/\000A\000r\000m\000a\000.\000j\000a\000v\000a}{chapter.7}% 105
\BOOKMARK [1][-]{section.7.2}{\376\377\0007\000.\0002\000\040\000R\000e\000f\000e\000r\000\352\000n\000c\000i\000a\000\040\000a\000o\000\040\000f\000i\000c\000h\000e\000i\000r\000o\000\040\000C\000:\000/\000U\000s\000e\000r\000s\000/\000e\000l\000t\000s\000u\000/\000D\000o\000c\000u\000m\000e\000n\000t\000s\000/\000G\000i\000t\000H\000u\000b\000/\000M\000C\0003\0002\0002\000-\000P\000r\000o\000j\000e\000t\000o\000/\000J\000a\000v\000a\000U\000M\000L\000/\000A\000r\000m\000a\000d\000u\000r\000a\000.\000j\000a\000v\000a}{chapter.7}% 106
\BOOKMARK [1][-]{section.7.3}{\376\377\0007\000.\0003\000\040\000R\000e\000f\000e\000r\000\352\000n\000c\000i\000a\000\040\000a\000o\000\040\000f\000i\000c\000h\000e\000i\000r\000o\000\040\000C\000:\000/\000U\000s\000e\000r\000s\000/\000e\000l\000t\000s\000u\000/\000D\000o\000c\000u\000m\000e\000n\000t\000s\000/\000G\000i\000t\000H\000u\000b\000/\000M\000C\0003\0002\0002\000-\000P\000r\000o\000j\000e\000t\000o\000/\000J\000a\000v\000a\000U\000M\000L\000/\000C\000o\000n\000s\000u\000m\000\303\000\255\000v\000e\000l\000.\000j\000a\000v\000a}{chapter.7}% 107
\BOOKMARK [1][-]{section.7.4}{\376\377\0007\000.\0004\000\040\000R\000e\000f\000e\000r\000\352\000n\000c\000i\000a\000\040\000a\000o\000\040\000f\000i\000c\000h\000e\000i\000r\000o\000\040\000C\000:\000/\000U\000s\000e\000r\000s\000/\000e\000l\000t\000s\000u\000/\000D\000o\000c\000u\000m\000e\000n\000t\000s\000/\000G\000i\000t\000H\000u\000b\000/\000M\000C\0003\0002\0002\000-\000P\000r\000o\000j\000e\000t\000o\000/\000J\000a\000v\000a\000U\000M\000L\000/\000E\000n\000t\000i\000d\000a\000d\000e\000.\000j\000a\000v\000a}{chapter.7}% 108
\BOOKMARK [1][-]{section.7.5}{\376\377\0007\000.\0005\000\040\000R\000e\000f\000e\000r\000\352\000n\000c\000i\000a\000\040\000a\000o\000\040\000f\000i\000c\000h\000e\000i\000r\000o\000\040\000C\000:\000/\000U\000s\000e\000r\000s\000/\000e\000l\000t\000s\000u\000/\000D\000o\000c\000u\000m\000e\000n\000t\000s\000/\000G\000i\000t\000H\000u\000b\000/\000M\000C\0003\0002\0002\000-\000P\000r\000o\000j\000e\000t\000o\000/\000J\000a\000v\000a\000U\000M\000L\000/\000G\000U\000I\000.\000j\000a\000v\000a}{chapter.7}% 109
\BOOKMARK [1][-]{section.7.6}{\376\377\0007\000.\0006\000\040\000R\000e\000f\000e\000r\000\352\000n\000c\000i\000a\000\040\000a\000o\000\040\000f\000i\000c\000h\000e\000i\000r\000o\000\040\000C\000:\000/\000U\000s\000e\000r\000s\000/\000e\000l\000t\000s\000u\000/\000D\000o\000c\000u\000m\000e\000n\000t\000s\000/\000G\000i\000t\000H\000u\000b\000/\000M\000C\0003\0002\0002\000-\000P\000r\000o\000j\000e\000t\000o\000/\000J\000a\000v\000a\000U\000M\000L\000/\000H\000e\000r\000\303\000\263\000i\000.\000j\000a\000v\000a}{chapter.7}% 110
\BOOKMARK [1][-]{section.7.7}{\376\377\0007\000.\0007\000\040\000R\000e\000f\000e\000r\000\352\000n\000c\000i\000a\000\040\000a\000o\000\040\000f\000i\000c\000h\000e\000i\000r\000o\000\040\000C\000:\000/\000U\000s\000e\000r\000s\000/\000e\000l\000t\000s\000u\000/\000D\000o\000c\000u\000m\000e\000n\000t\000s\000/\000G\000i\000t\000H\000u\000b\000/\000M\000C\0003\0002\0002\000-\000P\000r\000o\000j\000e\000t\000o\000/\000J\000a\000v\000a\000U\000M\000L\000/\000I\000n\000v\000e\000n\000t\000\303\000\241\000r\000i\000o\000.\000j\000a\000v\000a}{chapter.7}% 111
\BOOKMARK [1][-]{section.7.8}{\376\377\0007\000.\0008\000\040\000R\000e\000f\000e\000r\000\352\000n\000c\000i\000a\000\040\000a\000o\000\040\000f\000i\000c\000h\000e\000i\000r\000o\000\040\000C\000:\000/\000U\000s\000e\000r\000s\000/\000e\000l\000t\000s\000u\000/\000D\000o\000c\000u\000m\000e\000n\000t\000s\000/\000G\000i\000t\000H\000u\000b\000/\000M\000C\0003\0002\0002\000-\000P\000r\000o\000j\000e\000t\000o\000/\000J\000a\000v\000a\000U\000M\000L\000/\000I\000t\000e\000m\000.\000j\000a\000v\000a}{chapter.7}% 112
\BOOKMARK [1][-]{section.7.9}{\376\377\0007\000.\0009\000\040\000R\000e\000f\000e\000r\000\352\000n\000c\000i\000a\000\040\000a\000o\000\040\000f\000i\000c\000h\000e\000i\000r\000o\000\040\000C\000:\000/\000U\000s\000e\000r\000s\000/\000e\000l\000t\000s\000u\000/\000D\000o\000c\000u\000m\000e\000n\000t\000s\000/\000G\000i\000t\000H\000u\000b\000/\000M\000C\0003\0002\0002\000-\000P\000r\000o\000j\000e\000t\000o\000/\000J\000a\000v\000a\000U\000M\000L\000/\000J\000o\000g\000o\000.\000j\000a\000v\000a}{chapter.7}% 113
\BOOKMARK [1][-]{section.7.10}{\376\377\0007\000.\0001\0000\000\040\000R\000e\000f\000e\000r\000\352\000n\000c\000i\000a\000\040\000a\000o\000\040\000f\000i\000c\000h\000e\000i\000r\000o\000\040\000C\000:\000/\000U\000s\000e\000r\000s\000/\000e\000l\000t\000s\000u\000/\000D\000o\000c\000u\000m\000e\000n\000t\000s\000/\000G\000i\000t\000H\000u\000b\000/\000M\000C\0003\0002\0002\000-\000P\000r\000o\000j\000e\000t\000o\000/\000J\000a\000v\000a\000U\000M\000L\000/\000L\000o\000a\000d\000e\000r\000.\000j\000a\000v\000a}{chapter.7}% 114
\BOOKMARK [1][-]{section.7.11}{\376\377\0007\000.\0001\0001\000\040\000R\000e\000f\000e\000r\000\352\000n\000c\000i\000a\000\040\000a\000o\000\040\000f\000i\000c\000h\000e\000i\000r\000o\000\040\000C\000:\000/\000U\000s\000e\000r\000s\000/\000e\000l\000t\000s\000u\000/\000D\000o\000c\000u\000m\000e\000n\000t\000s\000/\000G\000i\000t\000H\000u\000b\000/\000M\000C\0003\0002\0002\000-\000P\000r\000o\000j\000e\000t\000o\000/\000J\000a\000v\000a\000U\000M\000L\000/\000N\000P\000C\000.\000j\000a\000v\000a}{chapter.7}% 115
\BOOKMARK [1][-]{section.7.12}{\376\377\0007\000.\0001\0002\000\040\000R\000e\000f\000e\000r\000\352\000n\000c\000i\000a\000\040\000a\000o\000\040\000f\000i\000c\000h\000e\000i\000r\000o\000\040\000C\000:\000/\000U\000s\000e\000r\000s\000/\000e\000l\000t\000s\000u\000/\000D\000o\000c\000u\000m\000e\000n\000t\000s\000/\000G\000i\000t\000H\000u\000b\000/\000M\000C\0003\0002\0002\000-\000P\000r\000o\000j\000e\000t\000o\000/\000J\000a\000v\000a\000U\000M\000L\000/\000P\000o\000r\000t\000a\000l\000.\000j\000a\000v\000a}{chapter.7}% 116
\BOOKMARK [1][-]{section.7.13}{\376\377\0007\000.\0001\0003\000\040\000R\000e\000f\000e\000r\000\352\000n\000c\000i\000a\000\040\000a\000o\000\040\000f\000i\000c\000h\000e\000i\000r\000o\000\040\000C\000:\000/\000U\000s\000e\000r\000s\000/\000e\000l\000t\000s\000u\000/\000D\000o\000c\000u\000m\000e\000n\000t\000s\000/\000G\000i\000t\000H\000u\000b\000/\000M\000C\0003\0002\0002\000-\000P\000r\000o\000j\000e\000t\000o\000/\000J\000a\000v\000a\000U\000M\000L\000/\000P\000o\000s\000e\000.\000j\000a\000v\000a}{chapter.7}% 117
\BOOKMARK [1][-]{section.7.14}{\376\377\0007\000.\0001\0004\000\040\000R\000e\000f\000e\000r\000\352\000n\000c\000i\000a\000\040\000a\000o\000\040\000f\000i\000c\000h\000e\000i\000r\000o\000\040\000C\000:\000/\000U\000s\000e\000r\000s\000/\000e\000l\000t\000s\000u\000/\000D\000o\000c\000u\000m\000e\000n\000t\000s\000/\000G\000i\000t\000H\000u\000b\000/\000M\000C\0003\0002\0002\000-\000P\000r\000o\000j\000e\000t\000o\000/\000J\000a\000v\000a\000U\000M\000L\000/\000S\000a\000l\000a\000.\000j\000a\000v\000a}{chapter.7}% 118
\BOOKMARK [1][-]{section.7.15}{\376\377\0007\000.\0001\0005\000\040\000R\000e\000f\000e\000r\000\352\000n\000c\000i\000a\000\040\000a\000o\000\040\000f\000i\000c\000h\000e\000i\000r\000o\000\040\000C\000:\000/\000U\000s\000e\000r\000s\000/\000e\000l\000t\000s\000u\000/\000D\000o\000c\000u\000m\000e\000n\000t\000s\000/\000G\000i\000t\000H\000u\000b\000/\000M\000C\0003\0002\0002\000-\000P\000r\000o\000j\000e\000t\000o\000/\000J\000a\000v\000a\000U\000M\000L\000/\000S\000e\000r\000.\000j\000a\000v\000a}{chapter.7}% 119
\BOOKMARK [1][-]{section.7.16}{\376\377\0007\000.\0001\0006\000\040\000R\000e\000f\000e\000r\000\352\000n\000c\000i\000a\000\040\000a\000o\000\040\000f\000i\000c\000h\000e\000i\000r\000o\000\040\000C\000:\000/\000U\000s\000e\000r\000s\000/\000e\000l\000t\000s\000u\000/\000D\000o\000c\000u\000m\000e\000n\000t\000s\000/\000G\000i\000t\000H\000u\000b\000/\000M\000C\0003\0002\0002\000-\000P\000r\000o\000j\000e\000t\000o\000/\000J\000a\000v\000a\000U\000M\000L\000/\000S\000p\000r\000i\000t\000e\000.\000j\000a\000v\000a}{chapter.7}% 120
\BOOKMARK [1][-]{section.7.17}{\376\377\0007\000.\0001\0007\000\040\000R\000e\000f\000e\000r\000\352\000n\000c\000i\000a\000\040\000a\000o\000\040\000f\000i\000c\000h\000e\000i\000r\000o\000\040\000C\000:\000/\000U\000s\000e\000r\000s\000/\000e\000l\000t\000s\000u\000/\000D\000o\000c\000u\000m\000e\000n\000t\000s\000/\000G\000i\000t\000H\000u\000b\000/\000M\000C\0003\0002\0002\000-\000P\000r\000o\000j\000e\000t\000o\000/\000J\000a\000v\000a\000U\000M\000L\000/\000S\000p\000r\000i\000t\000e\000B\000u\000f\000f\000e\000r\000.\000j\000a\000v\000a}{chapter.7}% 121
\BOOKMARK [1][-]{section.7.18}{\376\377\0007\000.\0001\0008\000\040\000R\000e\000f\000e\000r\000\352\000n\000c\000i\000a\000\040\000a\000o\000\040\000f\000i\000c\000h\000e\000i\000r\000o\000\040\000C\000:\000/\000U\000s\000e\000r\000s\000/\000e\000l\000t\000s\000u\000/\000D\000o\000c\000u\000m\000e\000n\000t\000s\000/\000G\000i\000t\000H\000u\000b\000/\000M\000C\0003\0002\0002\000-\000P\000r\000o\000j\000e\000t\000o\000/\000J\000a\000v\000a\000U\000M\000L\000/\000S\000\303\000\263\000l\000i\000d\000o\000.\000j\000a\000v\000a}{chapter.7}% 122
\BOOKMARK [1][-]{section.7.19}{\376\377\0007\000.\0001\0009\000\040\000R\000e\000f\000e\000r\000\352\000n\000c\000i\000a\000\040\000a\000o\000\040\000f\000i\000c\000h\000e\000i\000r\000o\000\040\000C\000:\000/\000U\000s\000e\000r\000s\000/\000e\000l\000t\000s\000u\000/\000D\000o\000c\000u\000m\000e\000n\000t\000s\000/\000G\000i\000t\000H\000u\000b\000/\000M\000C\0003\0002\0002\000-\000P\000r\000o\000j\000e\000t\000o\000/\000J\000a\000v\000a\000U\000M\000L\000/\000T\000e\000l\000a\000.\000j\000a\000v\000a}{chapter.7}% 123
\BOOKMARK [0][-]{section*.90}{\376\377\000\315\000n\000d\000i\000c\000e}{}% 124
