This is pdfTeX, Version 3.14159265-2.6-1.40.20 (MiKTeX 2.9.7140 64-bit) (preloaded format=pdflatex 2019.8.13)  21 MAY 2020 23:21
entering extended mode
**./refman.tex
(refman.tex
LaTeX2e <2018-12-01>
("C:\Program Files\MiKTeX 2.9\tex/latex/base\book.cls"
Document Class: book 2018/09/03 v1.4i Standard LaTeX document class
("C:\Program Files\MiKTeX 2.9\tex/latex/base\bk10.clo"
File: bk10.clo 2018/09/03 v1.4i Standard LaTeX file (size option)
)
\c@part=\count80
\c@chapter=\count81
\c@section=\count82
\c@subsection=\count83
\c@subsubsection=\count84
\c@paragraph=\count85
\c@subparagraph=\count86
\c@figure=\count87
\c@table=\count88
\abovecaptionskip=\skip41
\belowcaptionskip=\skip42
\bibindent=\dimen102
)
("C:\Program Files\MiKTeX 2.9\tex/latex/base\ifthen.sty"
Package: ifthen 2014/09/29 v1.1c Standard LaTeX ifthen package (DPC)
)
("C:\Program Files\MiKTeX 2.9\tex/latex/tools\array.sty"
Rollback for package 'array' requested -> date 2016-10-06.
         Best approximation is the release introduced on 2016-10-06.

("C:\Program Files\MiKTeX 2.9\tex/latex/tools\array-2016-10-06.sty"
Package: array 2016/10/06 v2.4d Tabular extension package (FMi)
\col@sep=\dimen103
\extrarowheight=\dimen104
\NC@list=\toks14
\extratabsurround=\skip43
\backup@length=\skip44
))
("C:\Program Files\MiKTeX 2.9\tex/latex/base\fixltx2e.sty"
Package: fixltx2e 2016/12/29 v2.1a fixes to LaTeX (obsolete)
Applying: [2015/01/01] Old fixltx2e package on input line 46.


Package fixltx2e Warning: fixltx2e is not required with releases after 2015
(fixltx2e)                All fixes are now in the LaTeX kernel.
(fixltx2e)                See the latexrelease package for details.

Already applied: [0000/00/00] Old fixltx2e package on input line 53.
) ("C:\Program Files\MiKTeX 2.9\tex/latex/tools\calc.sty"
Package: calc 2017/05/25 v4.3 Infix arithmetic (KKT,FJ)
\calc@Acount=\count89
\calc@Bcount=\count90
\calc@Adimen=\dimen105
\calc@Bdimen=\dimen106
\calc@Askip=\skip45
\calc@Bskip=\skip46
LaTeX Info: Redefining \setlength on input line 80.
LaTeX Info: Redefining \addtolength on input line 81.
\calc@Ccount=\count91
\calc@Cskip=\skip47
) (doxygen.sty
Package: doxygen 

("C:\Program Files\MiKTeX 2.9\tex/latex/base\alltt.sty"
Package: alltt 1997/06/16 v2.0g defines alltt environment
)
("C:\Program Files\MiKTeX 2.9\tex/latex/float\float.sty"
Package: float 2001/11/08 v1.3d Float enhancements (AL)
\c@float@type=\count92
\float@exts=\toks15
\float@box=\box27
\@float@everytoks=\toks16
\@floatcapt=\box28
)
("C:\Program Files\MiKTeX 2.9\tex/latex/tools\verbatim.sty"
Package: verbatim 2014/10/28 v1.5q LaTeX2e package for verbatim enhancements
\every@verbatim=\toks17
\verbatim@line=\toks18
\verbatim@in@stream=\read1
)
("C:\Program Files\MiKTeX 2.9\tex/latex/xcolor\xcolor.sty"
Package: xcolor 2016/05/11 v2.12 LaTeX color extensions (UK)

("C:\Program Files\MiKTeX 2.9\tex/latex/graphics-cfg\color.cfg"
File: color.cfg 2016/01/02 v1.6 sample color configuration
)
Package xcolor Info: Driver file: pdftex.def on input line 225.

("C:\Program Files\MiKTeX 2.9\tex/latex/graphics-def\pdftex.def"
File: pdftex.def 2018/01/08 v1.0l Graphics/color driver for pdftex
)
("C:\Program Files\MiKTeX 2.9\tex/latex/colortbl\colortbl.sty"
Package: colortbl 2018/12/12 v1.0d Color table columns (DPC)
\everycr=\toks19
\minrowclearance=\skip48
)
\rownum=\count93
Package xcolor Info: Model `cmy' substituted by `cmy0' on input line 1348.
Package xcolor Info: Model `hsb' substituted by `rgb' on input line 1352.
Package xcolor Info: Model `RGB' extended on input line 1364.
Package xcolor Info: Model `HTML' substituted by `rgb' on input line 1366.
Package xcolor Info: Model `Hsb' substituted by `hsb' on input line 1367.
Package xcolor Info: Model `tHsb' substituted by `hsb' on input line 1368.
Package xcolor Info: Model `HSB' substituted by `hsb' on input line 1369.
Package xcolor Info: Model `Gray' substituted by `gray' on input line 1370.
Package xcolor Info: Model `wave' substituted by `hsb' on input line 1371.
)
(longtable_doxygen.sty
Package: longtable_doxygen 2014/10/28 v4.11 Multi-page Table package (DPC) - fr
ozen version for doxygen
\LTleft=\skip49
\LTright=\skip50
\LTpre=\skip51
\LTpost=\skip52
\LTchunksize=\count94
\LTcapwidth=\dimen107
\LT@head=\box29
\LT@firsthead=\box30
\LT@foot=\box31
\LT@lastfoot=\box32
\LT@cols=\count95
\LT@rows=\count96
\c@LT@tables=\count97
\c@LT@chunks=\count98
\LT@p@ftn=\toks20
) (tabu_doxygen.sty
Package: tabu_doxygen 2011/02/26 v2.8 - flexible LaTeX tabulars (FC), frozen ve
rsion for doxygen

("C:\Program Files\MiKTeX 2.9\tex/latex/varwidth\varwidth.sty"
Package: varwidth 2009/03/30 ver 0.92;  Variable-width minipages
\@vwid@box=\box33
\sift@deathcycles=\count99
\@vwid@loff=\dimen108
\@vwid@roff=\dimen109
)
\c@taburow=\count100
\tabu@nbcols=\count101
\tabu@cnt=\count102
\tabu@Xcol=\count103
\tabu@alloc=\count104
\tabu@nested=\count105
\tabu@target=\dimen110
\tabu@spreadtarget=\dimen111
\tabu@naturalX=\dimen112
\tabucolX=\dimen113
\tabu@Xsum=\dimen114
\extrarowdepth=\dimen115
\abovetabulinesep=\dimen116
\belowtabulinesep=\dimen117
\tabustrutrule=\dimen118
\tabu@thebody=\toks21
\tabu@footnotes=\toks22
\tabu@box=\box34
\tabu@arstrutbox=\box35
\tabu@hleads=\box36
\tabu@vleads=\box37
\tabu@cellskip=\skip53
)
("C:\Program Files\MiKTeX 2.9\tex/latex/fancyvrb\fancyvrb.sty"
Package: fancyvrb 2019/01/15

Style option: `fancyvrb' v3.2a <2019/01/15> (tvz)
("C:\Program Files\MiKTeX 2.9\tex/latex/graphics\keyval.sty"
Package: keyval 2014/10/28 v1.15 key=value parser (DPC)
\KV@toks@=\toks23
)
\FV@CodeLineNo=\count106
\FV@InFile=\read2
\FV@TabBox=\box38
\c@FancyVerbLine=\count107
\FV@StepNumber=\count108
\FV@OutFile=\write3
)
("C:\Program Files\MiKTeX 2.9\tex/latex/tools\tabularx.sty"
Package: tabularx 2016/02/03 v2.11b `tabularx' package (DPC)
\TX@col@width=\dimen119
\TX@old@table=\dimen120
\TX@old@col=\dimen121
\TX@target=\dimen122
\TX@delta=\dimen123
\TX@cols=\count109
\TX@ftn=\toks24
)
("C:\Program Files\MiKTeX 2.9\tex/latex/multirow\multirow.sty"
Package: multirow 2019/05/31 v2.5 Span multiple rows of a table
\multirow@colwidth=\skip54
\multirow@cntb=\count110
\multirow@dima=\skip55
\bigstrutjot=\dimen124
)
("C:\Program Files\MiKTeX 2.9\tex/latex/hanging\hanging.sty"
Package: hanging 2009/09/02 v1.2b hanging paragraphs and punctuation
\h@ngcommawd=\skip56
\h@ngfstopwd=\skip57
\h@ngquotewd=\skip58
\h@ngdquotewd=\skip59
\h@ngquerywd=\skip60
\h@ngexclwd=\skip61
\h@ngcolonwd=\skip62
\h@ngscolonwd=\skip63
)
("C:\Program Files\MiKTeX 2.9\tex/generic/oberdiek\ifpdf.sty"
Package: ifpdf 2018/09/07 v3.3 Provides the ifpdf switch
)
("C:\Program Files\MiKTeX 2.9\tex/latex/adjustbox\adjustbox.sty"
Package: adjustbox 2019/01/04 v1.2 Adjusting TeX boxes (trim, clip, ...)

("C:\Program Files\MiKTeX 2.9\tex/latex/xkeyval\xkeyval.sty"
Package: xkeyval 2014/12/03 v2.7a package option processing (HA)

("C:\Program Files\MiKTeX 2.9\tex/generic/xkeyval\xkeyval.tex"
("C:\Program Files\MiKTeX 2.9\tex/generic/xkeyval\xkvutils.tex"
\XKV@toks=\toks25
\XKV@tempa@toks=\toks26
)
\XKV@depth=\count111
File: xkeyval.tex 2014/12/03 v2.7a key=value parser (HA)
))
("C:\Program Files\MiKTeX 2.9\tex/latex/adjustbox\adjcalc.sty"
Package: adjcalc 2012/05/16 v1.1 Provides advanced setlength with multiple back
-ends (calc, etex, pgfmath)
)
("C:\Program Files\MiKTeX 2.9\tex/latex/adjustbox\trimclip.sty"
Package: trimclip 2018/04/08 v1.1 Trim and clip general TeX material

("C:\Program Files\MiKTeX 2.9\tex/latex/graphics\graphicx.sty"
Package: graphicx 2017/06/01 v1.1a Enhanced LaTeX Graphics (DPC,SPQR)

("C:\Program Files\MiKTeX 2.9\tex/latex/graphics\graphics.sty"
Package: graphics 2017/06/25 v1.2c Standard LaTeX Graphics (DPC,SPQR)

("C:\Program Files\MiKTeX 2.9\tex/latex/graphics\trig.sty"
Package: trig 2016/01/03 v1.10 sin cos tan (DPC)
)
("C:\Program Files\MiKTeX 2.9\tex/latex/graphics-cfg\graphics.cfg"
File: graphics.cfg 2016/06/04 v1.11 sample graphics configuration
)
Package graphics Info: Driver file: pdftex.def on input line 99.
)
\Gin@req@height=\dimen125
\Gin@req@width=\dimen126
)
("C:\Program Files\MiKTeX 2.9\tex/latex/collectbox\collectbox.sty"
Package: collectbox 2012/05/17 v0.4b Collect macro arguments as boxes
\collectedbox=\box39
)
\tc@llx=\dimen127
\tc@lly=\dimen128
\tc@urx=\dimen129
\tc@ury=\dimen130
Package trimclip Info: Using driver 'tc-pdftex.def'.

("C:\Program Files\MiKTeX 2.9\tex/latex/adjustbox\tc-pdftex.def"
File: tc-pdftex.def 2019/01/04 v2.2 Clipping driver for pdftex
))
\adjbox@Width=\dimen131
\adjbox@Height=\dimen132
\adjbox@Depth=\dimen133
\adjbox@Totalheight=\dimen134
\adjbox@pwidth=\dimen135
\adjbox@pheight=\dimen136
\adjbox@pdepth=\dimen137
\adjbox@ptotalheight=\dimen138

("C:\Program Files\MiKTeX 2.9\tex/latex/ifoddpage\ifoddpage.sty"
Package: ifoddpage 2016/04/23 v1.1 Conditionals for odd/even page detection
\c@checkoddpage=\count112
))
("C:\Program Files\MiKTeX 2.9\tex/latex/amsfonts\amssymb.sty"
Package: amssymb 2013/01/14 v3.01 AMS font symbols

("C:\Program Files\MiKTeX 2.9\tex/latex/amsfonts\amsfonts.sty"
Package: amsfonts 2013/01/14 v3.01 Basic AMSFonts support
\@emptytoks=\toks27
\symAMSa=\mathgroup4
\symAMSb=\mathgroup5
LaTeX Font Info:    Overwriting math alphabet `\mathfrak' in version `bold'
(Font)                  U/euf/m/n --> U/euf/b/n on input line 106.
))
("C:\Program Files\MiKTeX 2.9\tex/latex/stackengine\stackengine.sty"
Package: stackengine 2017/02/13 v4.01\ Stacking text and objects in convenient 
ways

("C:\Program Files\MiKTeX 2.9\tex/latex/etoolbox\etoolbox.sty"
Package: etoolbox 2018/08/19 v2.5f e-TeX tools for LaTeX (JAW)
\etb@tempcnta=\count113
)
("C:\Program Files\MiKTeX 2.9\tex/latex/listofitems\listofitems.sty"
("C:\Program Files\MiKTeX 2.9\tex/generic/listofitems\listofitems.tex"
\loi_cnt_foreach_nest=\count114
\loi_nestcnt=\count115
)
Package: listofitems 2019/05/18 v1.62 Grab items in lists using user-specified 
sep char (CT)
)
\c@@stackindex=\count116
\@boxshift=\skip64
\stack@tmplength=\skip65
\temp@stkl=\skip66
\@stackedboxwidth=\skip67
\@addedbox=\box40
\@anchorbox=\box41
\stackedbox=\box42
\@centerbox=\box43
\c@ROWcellindex@=\count117
)
("C:\Program Files\MiKTeX 2.9\tex/latex/ulem\ulem.sty"
\UL@box=\box44
\UL@hyphenbox=\box45
\UL@skip=\skip68
\UL@hook=\toks28
\UL@height=\dimen139
\UL@pe=\count118
\UL@pixel=\dimen140
\ULC@box=\box46
Package: ulem 2012/05/18
\ULdepth=\dimen141
)
\xrefbox=\box47
\xreflength=\skip69
\CodeWidthChar=\skip70
\CodeHeightChar=\skip71
\DoxyCodeWidth=\skip72
)
("C:\Program Files\MiKTeX 2.9\tex/latex/base\inputenc.sty"
Package: inputenc 2018/08/11 v1.3c Input encoding file
\inpenc@prehook=\toks29
\inpenc@posthook=\toks30
)
("C:\Program Files\MiKTeX 2.9\tex/latex/base\makeidx.sty"
Package: makeidx 2014/09/29 v1.0m Standard LaTeX package
)
("C:\Program Files\MiKTeX 2.9\tex/latex/tools\multicol.sty"
Package: multicol 2018/12/27 v1.8v multicolumn formatting (FMi)
\c@tracingmulticols=\count119
\mult@box=\box48
\multicol@leftmargin=\dimen142
\c@unbalance=\count120
\c@collectmore=\count121
\doublecol@number=\count122
\multicoltolerance=\count123
\multicolpretolerance=\count124
\full@width=\dimen143
\page@free=\dimen144
\premulticols=\dimen145
\postmulticols=\dimen146
\multicolsep=\skip73
\multicolbaselineskip=\skip74
\partial@page=\box49
\last@line=\box50
\maxbalancingoverflow=\dimen147
\mult@rightbox=\box51
\mult@grightbox=\box52
\mult@gfirstbox=\box53
\mult@firstbox=\box54
\@tempa=\box55
\@tempa=\box56
\@tempa=\box57
\@tempa=\box58
\@tempa=\box59
\@tempa=\box60
\@tempa=\box61
\@tempa=\box62
\@tempa=\box63
\@tempa=\box64
\@tempa=\box65
\@tempa=\box66
\@tempa=\box67
\@tempa=\box68
\@tempa=\box69
\@tempa=\box70
\@tempa=\box71
\c@columnbadness=\count125
\c@finalcolumnbadness=\count126
\last@try=\dimen148
\multicolovershoot=\dimen149
\multicolundershoot=\dimen150
\mult@nat@firstbox=\box72
\colbreak@box=\box73
\mc@col@check@num=\count127
)
("C:\Program Files\MiKTeX 2.9\tex/latex/base\textcomp.sty"
Package: textcomp 2018/08/11 v2.0j Standard LaTeX package
Package textcomp Info: Sub-encoding information:
(textcomp)               5 = only ISO-Adobe without \textcurrency
(textcomp)               4 = 5 + \texteuro
(textcomp)               3 = 4 + \textohm
(textcomp)               2 = 3 + \textestimated + \textcurrency
(textcomp)               1 = TS1 - \textcircled - \t
(textcomp)               0 = TS1 (full)
(textcomp)             Font families with sub-encoding setting implement
(textcomp)             only a restricted character set as indicated.
(textcomp)             Family '?' is the default used for unknown fonts.
(textcomp)             See the documentation for details.
Package textcomp Info: Setting ? sub-encoding to TS1/1 on input line 79.

("C:\Program Files\MiKTeX 2.9\tex/latex/base\ts1enc.def"
File: ts1enc.def 2001/06/05 v3.0e (jk/car/fm) Standard LaTeX file
Now handling font encoding TS1 ...
... processing UTF-8 mapping file for font encoding TS1

("C:\Program Files\MiKTeX 2.9\tex/latex/base\ts1enc.dfu"
File: ts1enc.dfu 2018/10/05 v1.2f UTF-8 support for inputenc
   defining Unicode char U+00A2 (decimal 162)
   defining Unicode char U+00A3 (decimal 163)
   defining Unicode char U+00A4 (decimal 164)
   defining Unicode char U+00A5 (decimal 165)
   defining Unicode char U+00A6 (decimal 166)
   defining Unicode char U+00A7 (decimal 167)
   defining Unicode char U+00A8 (decimal 168)
   defining Unicode char U+00A9 (decimal 169)
   defining Unicode char U+00AA (decimal 170)
   defining Unicode char U+00AC (decimal 172)
   defining Unicode char U+00AE (decimal 174)
   defining Unicode char U+00AF (decimal 175)
   defining Unicode char U+00B0 (decimal 176)
   defining Unicode char U+00B1 (decimal 177)
   defining Unicode char U+00B2 (decimal 178)
   defining Unicode char U+00B3 (decimal 179)
   defining Unicode char U+00B4 (decimal 180)
   defining Unicode char U+00B5 (decimal 181)
   defining Unicode char U+00B6 (decimal 182)
   defining Unicode char U+00B7 (decimal 183)
   defining Unicode char U+00B9 (decimal 185)
   defining Unicode char U+00BA (decimal 186)
   defining Unicode char U+00BC (decimal 188)
   defining Unicode char U+00BD (decimal 189)
   defining Unicode char U+00BE (decimal 190)
   defining Unicode char U+00D7 (decimal 215)
   defining Unicode char U+00F7 (decimal 247)
   defining Unicode char U+0192 (decimal 402)
   defining Unicode char U+02C7 (decimal 711)
   defining Unicode char U+02D8 (decimal 728)
   defining Unicode char U+02DD (decimal 733)
   defining Unicode char U+0E3F (decimal 3647)
   defining Unicode char U+2016 (decimal 8214)
   defining Unicode char U+2020 (decimal 8224)
   defining Unicode char U+2021 (decimal 8225)
   defining Unicode char U+2022 (decimal 8226)
   defining Unicode char U+2030 (decimal 8240)
   defining Unicode char U+2031 (decimal 8241)
   defining Unicode char U+203B (decimal 8251)
   defining Unicode char U+203D (decimal 8253)
   defining Unicode char U+2044 (decimal 8260)
   defining Unicode char U+204E (decimal 8270)
   defining Unicode char U+2052 (decimal 8274)
   defining Unicode char U+20A1 (decimal 8353)
   defining Unicode char U+20A4 (decimal 8356)
   defining Unicode char U+20A6 (decimal 8358)
   defining Unicode char U+20A9 (decimal 8361)
   defining Unicode char U+20AB (decimal 8363)
   defining Unicode char U+20AC (decimal 8364)
   defining Unicode char U+20B1 (decimal 8369)
   defining Unicode char U+2103 (decimal 8451)
   defining Unicode char U+2116 (decimal 8470)
   defining Unicode char U+2117 (decimal 8471)
   defining Unicode char U+211E (decimal 8478)
   defining Unicode char U+2120 (decimal 8480)
   defining Unicode char U+2122 (decimal 8482)
   defining Unicode char U+2126 (decimal 8486)
   defining Unicode char U+2127 (decimal 8487)
   defining Unicode char U+212E (decimal 8494)
   defining Unicode char U+2190 (decimal 8592)
   defining Unicode char U+2191 (decimal 8593)
   defining Unicode char U+2192 (decimal 8594)
   defining Unicode char U+2193 (decimal 8595)
   defining Unicode char U+2329 (decimal 9001)
   defining Unicode char U+232A (decimal 9002)
   defining Unicode char U+2422 (decimal 9250)
   defining Unicode char U+25E6 (decimal 9702)
   defining Unicode char U+25EF (decimal 9711)
   defining Unicode char U+266A (decimal 9834)
   defining Unicode char U+FEFF (decimal 65279)
))
LaTeX Info: Redefining \oldstylenums on input line 334.
Package textcomp Info: Setting cmr sub-encoding to TS1/0 on input line 349.
Package textcomp Info: Setting cmss sub-encoding to TS1/0 on input line 350.
Package textcomp Info: Setting cmtt sub-encoding to TS1/0 on input line 351.
Package textcomp Info: Setting cmvtt sub-encoding to TS1/0 on input line 352.
Package textcomp Info: Setting cmbr sub-encoding to TS1/0 on input line 353.
Package textcomp Info: Setting cmtl sub-encoding to TS1/0 on input line 354.
Package textcomp Info: Setting ccr sub-encoding to TS1/0 on input line 355.
Package textcomp Info: Setting ptm sub-encoding to TS1/4 on input line 356.
Package textcomp Info: Setting pcr sub-encoding to TS1/4 on input line 357.
Package textcomp Info: Setting phv sub-encoding to TS1/4 on input line 358.
Package textcomp Info: Setting ppl sub-encoding to TS1/3 on input line 359.
Package textcomp Info: Setting pag sub-encoding to TS1/4 on input line 360.
Package textcomp Info: Setting pbk sub-encoding to TS1/4 on input line 361.
Package textcomp Info: Setting pnc sub-encoding to TS1/4 on input line 362.
Package textcomp Info: Setting pzc sub-encoding to TS1/4 on input line 363.
Package textcomp Info: Setting bch sub-encoding to TS1/4 on input line 364.
Package textcomp Info: Setting put sub-encoding to TS1/5 on input line 365.
Package textcomp Info: Setting uag sub-encoding to TS1/5 on input line 366.
Package textcomp Info: Setting ugq sub-encoding to TS1/5 on input line 367.
Package textcomp Info: Setting ul8 sub-encoding to TS1/4 on input line 368.
Package textcomp Info: Setting ul9 sub-encoding to TS1/4 on input line 369.
Package textcomp Info: Setting augie sub-encoding to TS1/5 on input line 370.
Package textcomp Info: Setting dayrom sub-encoding to TS1/3 on input line 371.
Package textcomp Info: Setting dayroms sub-encoding to TS1/3 on input line 372.

Package textcomp Info: Setting pxr sub-encoding to TS1/0 on input line 373.
Package textcomp Info: Setting pxss sub-encoding to TS1/0 on input line 374.
Package textcomp Info: Setting pxtt sub-encoding to TS1/0 on input line 375.
Package textcomp Info: Setting txr sub-encoding to TS1/0 on input line 376.
Package textcomp Info: Setting txss sub-encoding to TS1/0 on input line 377.
Package textcomp Info: Setting txtt sub-encoding to TS1/0 on input line 378.
Package textcomp Info: Setting lmr sub-encoding to TS1/0 on input line 379.
Package textcomp Info: Setting lmdh sub-encoding to TS1/0 on input line 380.
Package textcomp Info: Setting lmss sub-encoding to TS1/0 on input line 381.
Package textcomp Info: Setting lmssq sub-encoding to TS1/0 on input line 382.
Package textcomp Info: Setting lmvtt sub-encoding to TS1/0 on input line 383.
Package textcomp Info: Setting lmtt sub-encoding to TS1/0 on input line 384.
Package textcomp Info: Setting qhv sub-encoding to TS1/0 on input line 385.
Package textcomp Info: Setting qag sub-encoding to TS1/0 on input line 386.
Package textcomp Info: Setting qbk sub-encoding to TS1/0 on input line 387.
Package textcomp Info: Setting qcr sub-encoding to TS1/0 on input line 388.
Package textcomp Info: Setting qcs sub-encoding to TS1/0 on input line 389.
Package textcomp Info: Setting qpl sub-encoding to TS1/0 on input line 390.
Package textcomp Info: Setting qtm sub-encoding to TS1/0 on input line 391.
Package textcomp Info: Setting qzc sub-encoding to TS1/0 on input line 392.
Package textcomp Info: Setting qhvc sub-encoding to TS1/0 on input line 393.
Package textcomp Info: Setting futs sub-encoding to TS1/4 on input line 394.
Package textcomp Info: Setting futx sub-encoding to TS1/4 on input line 395.
Package textcomp Info: Setting futj sub-encoding to TS1/4 on input line 396.
Package textcomp Info: Setting hlh sub-encoding to TS1/3 on input line 397.
Package textcomp Info: Setting hls sub-encoding to TS1/3 on input line 398.
Package textcomp Info: Setting hlst sub-encoding to TS1/3 on input line 399.
Package textcomp Info: Setting hlct sub-encoding to TS1/5 on input line 400.
Package textcomp Info: Setting hlx sub-encoding to TS1/5 on input line 401.
Package textcomp Info: Setting hlce sub-encoding to TS1/5 on input line 402.
Package textcomp Info: Setting hlcn sub-encoding to TS1/5 on input line 403.
Package textcomp Info: Setting hlcw sub-encoding to TS1/5 on input line 404.
Package textcomp Info: Setting hlcf sub-encoding to TS1/5 on input line 405.
Package textcomp Info: Setting pplx sub-encoding to TS1/3 on input line 406.
Package textcomp Info: Setting pplj sub-encoding to TS1/3 on input line 407.
Package textcomp Info: Setting ptmx sub-encoding to TS1/4 on input line 408.
Package textcomp Info: Setting ptmj sub-encoding to TS1/4 on input line 409.
)
("C:\Program Files\MiKTeX 2.9\tex/latex/wasysym\wasysym.sty"
Package: wasysym 2003/10/30 v2.0 Wasy-2 symbol support package
\symwasy=\mathgroup6
LaTeX Font Info:    Overwriting symbol font `wasy' in version `bold'
(Font)                  U/wasy/m/n --> U/wasy/b/n on input line 90.
)
("C:\Program Files\MiKTeX 2.9\tex/generic/ifxetex\ifxetex.sty"
Package: ifxetex 2010/09/12 v0.6 Provides ifxetex conditional
)
("C:\Program Files\MiKTeX 2.9\tex/generic/babel\babel.sty"
Package: babel 2019/07/19 3.33 The Babel package

("C:\Program Files\MiKTeX 2.9\tex/generic/babel\switch.def"
File: switch.def 2019/07/19 3.33 Babel switching mechanism
)
*************************************
* Local config file bblopts.cfg used
*
("C:\Program Files\MiKTeX 2.9\tex/latex/arabi\bblopts.cfg"
File: bblopts.cfg 2005/09/08 v0.1 add Arabic and Farsi to "declared" options of
 babel
)
("C:\Program Files\MiKTeX 2.9\tex/latex/babel-portuges\portuges.ldf"
Language: portuges 2008/03/18 v1.2q Portuguese support from the babel system

("C:\Program Files\MiKTeX 2.9\tex/generic/babel\babel.def"
File: babel.def 2019/07/19 3.33 Babel common definitions
\babel@savecnt=\count128
\U@D=\dimen151

("C:\Program Files\MiKTeX 2.9\tex/generic/babel\txtbabel.def")
\bbl@dirlevel=\count129
)
Package babel Info: Making " an active character on input line 145.
))
("C:\Program Files\MiKTeX 2.9\tex/latex/base\fontenc.sty"
Package: fontenc 2018/08/11 v2.0j Standard LaTeX package

("C:\Program Files\MiKTeX 2.9\tex/latex/base\t1enc.def"
File: t1enc.def 2018/08/11 v2.0j Standard LaTeX file
LaTeX Font Info:    Redeclaring font encoding T1 on input line 48.
))
("C:\Program Files\MiKTeX 2.9\tex/latex/psnfss\helvet.sty"
Package: helvet 2005/04/12 PSNFSS-v9.2a (WaS) 
)
("C:\Program Files\MiKTeX 2.9\tex/latex/psnfss\courier.sty"
Package: courier 2005/04/12 PSNFSS-v9.2a (WaS) 
)
("C:\Program Files\MiKTeX 2.9\tex/latex/sectsty\sectsty.sty"
Package: sectsty 2002/02/25 v2.0.2 Commands to change all sectional heading sty
les
)
("C:\Program Files\MiKTeX 2.9\tex/latex/geometry\geometry.sty"
Package: geometry 2018/04/16 v5.8 Page Geometry

("C:\Program Files\MiKTeX 2.9\tex/generic/oberdiek\ifvtex.sty"
Package: ifvtex 2016/05/16 v1.6 Detect VTeX and its facilities (HO)
Package ifvtex Info: VTeX not detected.
)
\Gm@cnth=\count130
\Gm@cntv=\count131
\c@Gm@tempcnt=\count132
\Gm@bindingoffset=\dimen152
\Gm@wd@mp=\dimen153
\Gm@odd@mp=\dimen154
\Gm@even@mp=\dimen155
\Gm@layoutwidth=\dimen156
\Gm@layoutheight=\dimen157
\Gm@layouthoffset=\dimen158
\Gm@layoutvoffset=\dimen159
\Gm@dimlist=\toks31

("C:\Program Files\MiKTeX 2.9\tex/latex/geometry\geometry.cfg"))
("C:\Program Files\MiKTeX 2.9\tex/latex/fancyhdr\fancyhdr.sty"
Package: fancyhdr 2019/01/31 v3.10 Extensive control of page headers and footer
s
\f@nch@headwidth=\skip75
\f@nch@O@elh=\skip76
\f@nch@O@erh=\skip77
\f@nch@O@olh=\skip78
\f@nch@O@orh=\skip79
\f@nch@O@elf=\skip80
\f@nch@O@erf=\skip81
\f@nch@O@olf=\skip82
\f@nch@O@orf=\skip83
)
("C:\Program Files\MiKTeX 2.9\tex/latex/natbib\natbib.sty"
Package: natbib 2010/09/13 8.31b (PWD, AO)
\bibhang=\skip84
\bibsep=\skip85
LaTeX Info: Redefining \cite on input line 694.
\c@NAT@ctr=\count133
)
("C:\Program Files\MiKTeX 2.9\tex/latex/tocloft\tocloft.sty"
Package: tocloft 2017/08/31 v2.3i parameterised ToC, etc., typesetting
Package tocloft Info: The document has chapter divisions on input line 51.
\cftparskip=\skip86
\cftbeforetoctitleskip=\skip87
\cftaftertoctitleskip=\skip88
\cftbeforepartskip=\skip89
\cftpartnumwidth=\skip90
\cftpartindent=\skip91
\cftbeforechapskip=\skip92
\cftchapindent=\skip93
\cftchapnumwidth=\skip94
\cftbeforesecskip=\skip95
\cftsecindent=\skip96
\cftsecnumwidth=\skip97
\cftbeforesubsecskip=\skip98
\cftsubsecindent=\skip99
\cftsubsecnumwidth=\skip100
\cftbeforesubsubsecskip=\skip101
\cftsubsubsecindent=\skip102
\cftsubsubsecnumwidth=\skip103
\cftbeforeparaskip=\skip104
\cftparaindent=\skip105
\cftparanumwidth=\skip106
\cftbeforesubparaskip=\skip107
\cftsubparaindent=\skip108
\cftsubparanumwidth=\skip109
\cftbeforeloftitleskip=\skip110
\cftafterloftitleskip=\skip111
\cftbeforefigskip=\skip112
\cftfigindent=\skip113
\cftfignumwidth=\skip114
\c@lofdepth=\count134
\c@lotdepth=\count135
\cftbeforelottitleskip=\skip115
\cftafterlottitleskip=\skip116
\cftbeforetabskip=\skip117
\cfttabindent=\skip118
\cfttabnumwidth=\skip119
)
\@indexfile=\write4
\openout4 = `refman.idx'.


Writing index file refman.idx
("C:\Program Files\MiKTeX 2.9\tex/latex/newunicodechar\newunicodechar.sty"
Package: newunicodechar 2018/04/08 v1.2 Defining Unicode characters
)

Package newunicodechar Warning: Redefining Unicode character on input line 115.



Package newunicodechar Warning: Redefining Unicode character on input line 116.


("C:\Program Files\MiKTeX 2.9\tex/latex/hyperref\hyperref.sty"
Package: hyperref 2019/06/12 v6.88h Hypertext links for LaTeX

("C:\Program Files\MiKTeX 2.9\tex/generic/oberdiek\hobsub-hyperref.sty"
Package: hobsub-hyperref 2016/05/16 v1.14 Bundle oberdiek, subset hyperref (HO)


("C:\Program Files\MiKTeX 2.9\tex/generic/oberdiek\hobsub-generic.sty"
Package: hobsub-generic 2016/05/16 v1.14 Bundle oberdiek, subset generic (HO)
Package: hobsub 2016/05/16 v1.14 Construct package bundles (HO)
Package: infwarerr 2016/05/16 v1.4 Providing info/warning/error messages (HO)
Package: ltxcmds 2016/05/16 v1.23 LaTeX kernel commands for general use (HO)
Package: ifluatex 2016/05/16 v1.4 Provides the ifluatex switch (HO)
Package ifluatex Info: LuaTeX not detected.
Package hobsub Info: Skipping package `ifvtex' (already loaded).
Package: intcalc 2016/05/16 v1.2 Expandable calculations with integers (HO)
Package hobsub Info: Skipping package `ifpdf' (already loaded).
Package: etexcmds 2016/05/16 v1.6 Avoid name clashes with e-TeX commands (HO)
Package: kvsetkeys 2016/05/16 v1.17 Key value parser (HO)
Package: kvdefinekeys 2016/05/16 v1.4 Define keys (HO)
Package: pdftexcmds 2019/07/25 v0.30 Utility functions of pdfTeX for LuaTeX (HO
)
Package pdftexcmds Info: LuaTeX not detected.
Package pdftexcmds Info: \pdf@primitive is available.
Package pdftexcmds Info: \pdf@ifprimitive is available.
Package pdftexcmds Info: \pdfdraftmode found.
Package: pdfescape 2016/05/16 v1.14 Implements pdfTeX's escape features (HO)
Package: bigintcalc 2016/05/16 v1.4 Expandable calculations on big integers (HO
)
Package: bitset 2016/05/16 v1.2 Handle bit-vector datatype (HO)
Package: uniquecounter 2016/05/16 v1.3 Provide unlimited unique counter (HO)
)
Package hobsub Info: Skipping package `hobsub' (already loaded).
Package: letltxmacro 2016/05/16 v1.5 Let assignment for LaTeX macros (HO)
Package: hopatch 2016/05/16 v1.3 Wrapper for package hooks (HO)
Package: xcolor-patch 2016/05/16 xcolor patch
Package: atveryend 2016/05/16 v1.9 Hooks at the very end of document (HO)
Package: atbegshi 2016/06/09 v1.18 At begin shipout hook (HO)
Package: refcount 2016/05/16 v3.5 Data extraction from label references (HO)
Package: hycolor 2016/05/16 v1.8 Color options for hyperref/bookmark (HO)
)
("C:\Program Files\MiKTeX 2.9\tex/latex/oberdiek\auxhook.sty"
Package: auxhook 2016/05/16 v1.4 Hooks for auxiliary files (HO)
)
("C:\Program Files\MiKTeX 2.9\tex/latex/oberdiek\kvoptions.sty"
Package: kvoptions 2016/05/16 v3.12 Key value format for package options (HO)
)
\@linkdim=\dimen160
\Hy@linkcounter=\count136
\Hy@pagecounter=\count137

("C:\Program Files\MiKTeX 2.9\tex/latex/hyperref\pd1enc.def"
File: pd1enc.def 2019/06/12 v6.88h Hyperref: PDFDocEncoding definition (HO)
Now handling font encoding PD1 ...
... no UTF-8 mapping file for font encoding PD1
)
\Hy@SavedSpaceFactor=\count138

("C:\Program Files\MiKTeX 2.9\tex/latex/00miktex\hyperref.cfg"
File: hyperref.cfg 2002/06/06 v1.2 hyperref configuration of TeXLive
)
Package hyperref Info: Hyper figures OFF on input line 4550.
Package hyperref Info: Link nesting OFF on input line 4555.
Package hyperref Info: Hyper index ON on input line 4558.
Package hyperref Info: Plain pages OFF on input line 4565.
Package hyperref Info: Backreferencing ON on input line 4568.
Package hyperref Info: Implicit mode ON; LaTeX internals redefined.
Package hyperref Info: Bookmarks ON on input line 4803.

("C:\Program Files\MiKTeX 2.9\tex/latex/hyperref\backref.sty"
Package: backref 2016/05/21 v1.39 Bibliographical back referencing

("C:\Program Files\MiKTeX 2.9\tex/latex/oberdiek\rerunfilecheck.sty"
Package: rerunfilecheck 2016/05/16 v1.8 Rerun checks for auxiliary files (HO)
Package uniquecounter Info: New unique counter `rerunfilecheck' on input line 2
82.
))
\c@Hy@tempcnt=\count139

("C:\Program Files\MiKTeX 2.9\tex/latex/url\url.sty"
\Urlmuskip=\muskip10
Package: url 2013/09/16  ver 3.4  Verb mode for urls, etc.
)
LaTeX Info: Redefining \url on input line 5156.
\XeTeXLinkMargin=\dimen161
\Fld@menulength=\count140
\Field@Width=\dimen162
\Fld@charsize=\dimen163
Package hyperref Info: Hyper figures OFF on input line 6411.
Package hyperref Info: Link nesting OFF on input line 6416.
Package hyperref Info: Hyper index ON on input line 6419.
Package hyperref Info: backreferencing ON on input line 6424.
Package hyperref Info: Link coloring OFF on input line 6431.
Package hyperref Info: Link coloring with OCG OFF on input line 6436.
Package hyperref Info: PDF/A mode OFF on input line 6441.
LaTeX Info: Redefining \ref on input line 6481.
LaTeX Info: Redefining \pageref on input line 6485.
\Hy@abspage=\count141
\c@Item=\count142
\c@Hfootnote=\count143
)
Package hyperref Info: Driver: hpdftex.

("C:\Program Files\MiKTeX 2.9\tex/latex/hyperref\hpdftex.def"
File: hpdftex.def 2019/06/12 v6.88h Hyperref driver for pdfTeX
\Fld@listcount=\count144
\c@bookmark@seq@number=\count145
\Hy@SectionHShift=\skip120
)
Package hyperref Info: Option `colorlinks' set `true' on input line 134.
Package hyperref Info: Option `unicode' set `true' on input line 134.

("C:\Program Files\MiKTeX 2.9\tex/latex/hyperref\puenc.def"
File: puenc.def 2019/06/12 v6.88h Hyperref: PDF Unicode definition (HO)
Now handling font encoding PU ...
... no UTF-8 mapping file for font encoding PU
)
("C:\Program Files\MiKTeX 2.9\tex/latex/caption\caption.sty"
Package: caption 2018/10/06 v3.3-154 Customizing captions (AR)

("C:\Program Files\MiKTeX 2.9\tex/latex/caption\caption3.sty"
Package: caption3 2018/09/12 v1.8c caption3 kernel (AR)
Package caption3 Info: TeX engine: e-TeX on input line 64.
\captionmargin=\dimen164
\captionmargin@=\dimen165
\captionwidth=\dimen166
\caption@tempdima=\dimen167
\caption@indent=\dimen168
\caption@parindent=\dimen169
\caption@hangindent=\dimen170
)
\c@caption@flags=\count146
\c@ContinuedFloat=\count147
Package caption Info: float package is loaded.
Package caption Info: hyperref package is loaded.
Package caption Info: longtable package is loaded.

("C:\Program Files\MiKTeX 2.9\tex/latex/caption\ltcaption.sty"
Package: ltcaption 2018/08/26 v1.4-95 longtable captions (AR)
))
("C:\Program Files\MiKTeX 2.9\tex/latex/etoc\etoc.sty"
Package: etoc 2019/03/09 v1.09 Completely customisable TOCs (JFB)
\Etoc@toctoks=\toks32
\c@etoc@tocid=\count148
\c@etoc@tocdepth=\count149
\etoc@framed@titlebox=\box74
\etoc@framed@contentsbox=\box75
) (refman.aux)
\openout1 = `refman.aux'.

LaTeX Font Info:    Checking defaults for OML/cmm/m/it on input line 149.
LaTeX Font Info:    ... okay on input line 149.
LaTeX Font Info:    Checking defaults for T1/cmr/m/n on input line 149.
LaTeX Font Info:    ... okay on input line 149.
LaTeX Font Info:    Checking defaults for OT1/cmr/m/n on input line 149.
LaTeX Font Info:    ... okay on input line 149.
LaTeX Font Info:    Checking defaults for OMS/cmsy/m/n on input line 149.
LaTeX Font Info:    ... okay on input line 149.
LaTeX Font Info:    Checking defaults for OMX/cmex/m/n on input line 149.
LaTeX Font Info:    ... okay on input line 149.
LaTeX Font Info:    Checking defaults for U/cmr/m/n on input line 149.
LaTeX Font Info:    ... okay on input line 149.
LaTeX Font Info:    Checking defaults for TS1/cmr/m/n on input line 149.
LaTeX Font Info:    Try loading font information for TS1+cmr on input line 149.


("C:\Program Files\MiKTeX 2.9\tex/latex/base\ts1cmr.fd"
File: ts1cmr.fd 2014/09/29 v2.5h Standard LaTeX font definitions
)
LaTeX Font Info:    ... okay on input line 149.
LaTeX Font Info:    Checking defaults for PD1/pdf/m/n on input line 149.
LaTeX Font Info:    ... okay on input line 149.
LaTeX Font Info:    Checking defaults for PU/pdf/m/n on input line 149.
LaTeX Font Info:    ... okay on input line 149.
LaTeX Font Info:    Try loading font information for T1+phv on input line 149.

("C:\Program Files\MiKTeX 2.9\tex/latex/psnfss\t1phv.fd"
File: t1phv.fd 2001/06/04 scalable font definitions for T1/phv.
)
LaTeX Font Info:    Font shape `T1/phv/m/n' will be
(Font)              scaled to size 8.99994pt on input line 149.

("C:\Program Files\MiKTeX 2.9\tex/context/base/mkii\supp-pdf.mkii"
[Loading MPS to PDF converter (version 2006.09.02).]
\scratchcounter=\count150
\scratchdimen=\dimen171
\scratchbox=\box76
\nofMPsegments=\count151
\nofMParguments=\count152
\everyMPshowfont=\toks33
\MPscratchCnt=\count153
\MPscratchDim=\dimen172
\MPnumerator=\count154
\makeMPintoPDFobject=\count155
\everyMPtoPDFconversion=\toks34
) ("C:\Program Files\MiKTeX 2.9\tex/latex/oberdiek\epstopdf-base.sty"
Package: epstopdf-base 2016/05/15 v2.6 Base part for package epstopdf

("C:\Program Files\MiKTeX 2.9\tex/latex/oberdiek\grfext.sty"
Package: grfext 2016/05/16 v1.2 Manage graphics extensions (HO)
)
Package epstopdf-base Info: Redefining graphics rule for `.eps' on input line 4
38.
Package grfext Info: Graphics extension search list:
(grfext)             [.pdf,.png,.jpg,.mps,.jpeg,.jbig2,.jb2,.PDF,.PNG,.JPG,.JPE
G,.JBIG2,.JB2,.eps]
(grfext)             \AppendGraphicsExtensions on input line 456.
)
*geometry* driver: auto-detecting
*geometry* detected driver: pdftex
*geometry* verbose mode - [ preamble ] result:
* driver: pdftex
* paper: a4paper
* layout: <same size as paper>
* layoutoffset:(h,v)=(0.0pt,0.0pt)
* modes: twoside 
* h-part:(L,W,R)=(71.13188pt, 455.24411pt, 71.13188pt)
* v-part:(T,H,B)=(71.13188pt, 702.78308pt, 71.13188pt)
* \paperwidth=597.50787pt
* \paperheight=845.04684pt
* \textwidth=455.24411pt
* \textheight=702.78308pt
* \oddsidemargin=-1.1381pt
* \evensidemargin=-1.1381pt
* \topmargin=-31.2056pt
* \headheight=12.0pt
* \headsep=18.06749pt
* \topskip=10.0pt
* \footskip=25.29494pt
* \marginparwidth=125.0pt
* \marginparsep=7.0pt
* \columnsep=10.0pt
* \skip\footins=9.0pt plus 4.0pt minus 2.0pt
* \hoffset=0.0pt
* \voffset=0.0pt
* \mag=1000
* \@twocolumnfalse
* \@twosidetrue
* \@mparswitchtrue
* \@reversemarginfalse
* (1in=72.27pt=25.4mm, 1cm=28.453pt)

\AtBeginShipoutBox=\box77
Package backref Info: ** backref set up for natbib ** on input line 149.
Package hyperref Info: Link coloring ON on input line 149.
("C:\Program Files\MiKTeX 2.9\tex/latex/hyperref\nameref.sty"
Package: nameref 2016/05/21 v2.44 Cross-referencing by name of section

("C:\Program Files\MiKTeX 2.9\tex/generic/oberdiek\gettitlestring.sty"
Package: gettitlestring 2016/05/16 v1.5 Cleanup title references (HO)
)
\c@section@level=\count156
)
LaTeX Info: Redefining \ref on input line 149.
LaTeX Info: Redefining \pageref on input line 149.
LaTeX Info: Redefining \nameref on input line 149.

(refman.out) (refman.out)
\@outlinefile=\write5
\openout5 = `refman.out'.

Package caption Info: Begin \AtBeginDocument code.
Package caption Info: End \AtBeginDocument code.
\Etoc@tf=\read3
Package hyperref Info: Option `pageanchor' set `false' on input line 155.
Package hyperref Info: Option `bookmarksnumbered' set `true' on input line 155.

Package hyperref Info: Option `unicode' set `true' on input line 155.
LaTeX Font Info:    Font shape `T1/phv/m/n' will be
(Font)              scaled to size 12.9599pt on input line 160.
LaTeX Font Info:    Font shape `T1/phv/m/n' will be
(Font)              scaled to size 10.79993pt on input line 162.
 [1


{C:/Users/eltsu/AppData/Local/MiKTeX/2.9/pdftex/config/pdftex.map}] [2

]
\tf@toc=\write6
\openout6 = `refman.toc'.

LaTeX Font Info:    Font shape `T1/phv/bx/n' in size <10> not available
(Font)              Font shape `T1/phv/b/n' tried instead on input line 168.
LaTeX Font Info:    Font shape `T1/phv/b/n' will be
(Font)              scaled to size 8.99994pt on input line 168.
LaTeX Font Info:    Try loading font information for U+msa on input line 168.
 ("C:\Program Files\MiKTeX 2.9\tex/latex/amsfonts\umsa.fd"
File: umsa.fd 2013/01/14 v3.01 AMS symbols A
)
LaTeX Font Info:    Try loading font information for U+msb on input line 168.
("C:\Program Files\MiKTeX 2.9\tex/latex/amsfonts\umsb.fd"
File: umsb.fd 2013/01/14 v3.01 AMS symbols B
)
LaTeX Font Info:    Try loading font information for U+wasy on input line 168.

("C:\Program Files\MiKTeX 2.9\tex/latex/wasysym\uwasy.fd"
File: uwasy.fd 2003/10/30 v2.0 Wasy-2 symbol font definitions
)
LaTeX Font Info:    Font shape `T1/phv/m/n' will be
(Font)              scaled to size 6.29996pt on input line 168.
LaTeX Font Info:    Font shape `T1/phv/bx/n' in size <7> not available
(Font)              Font shape `T1/phv/b/n' tried instead on input line 168.
LaTeX Font Info:    Font shape `T1/phv/b/n' will be
(Font)              scaled to size 6.29996pt on input line 168.
 [1]
LaTeX Font Info:    Font shape `T1/phv/m/n' will be
(Font)              scaled to size 7.19995pt on input line 168.
LaTeX Font Info:    Try loading font information for T1+pcr on input line 168.

("C:\Program Files\MiKTeX 2.9\tex/latex/psnfss\t1pcr.fd"
File: t1pcr.fd 2001/06/04 font definitions for T1/pcr.
) [2] [3] [4]
Package hyperref Info: Option `pageanchor' set `true' on input line 170.

Cap\'{\i }tulo 1.
LaTeX Font Info:    Font shape `T1/phv/m/n' will be
(Font)              scaled to size 18.66588pt on input line 173.
LaTeX Font Info:    Font shape `T1/phv/bx/n' in size <20.74> not available
(Font)              Font shape `T1/phv/b/n' tried instead on input line 173.
LaTeX Font Info:    Font shape `T1/phv/b/n' will be
(Font)              scaled to size 18.66588pt on input line 173.
LaTeX Font Info:    Font shape `T1/phv/bc/n' will be
(Font)              scaled to size 18.66588pt on input line 173.
LaTeX Font Info:    Font shape `T1/phv/m/n' will be
(Font)              scaled to size 22.39185pt on input line 173.
LaTeX Font Info:    Font shape `T1/phv/bx/n' in size <24.88> not available
(Font)              Font shape `T1/phv/b/n' tried instead on input line 173.
LaTeX Font Info:    Font shape `T1/phv/b/n' will be
(Font)              scaled to size 22.39185pt on input line 173.
LaTeX Font Info:    Font shape `T1/phv/bc/n' will be
(Font)              scaled to size 22.39185pt on input line 173.
(namespaces.tex
LaTeX Font Info:    Font shape `T1/phv/bx/n' in size <14.4> not available
(Font)              Font shape `T1/phv/b/n' tried instead on input line 1.
LaTeX Font Info:    Font shape `T1/phv/b/n' will be
(Font)              scaled to size 12.9599pt on input line 1.
) [1


] [2

]
Cap\'{\i }tulo 2.
(hierarchy.tex) [3] [4

]
Cap\'{\i }tulo 3.
(annotated.tex) [5] [6

]
Cap\'{\i }tulo 4.
(files.tex) [7] [8

]
Cap\'{\i }tulo 5.
(namespace_hero_quest.tex
LaTeX Font Info:    Font shape `T1/phv/bx/n' in size <12> not available
(Font)              Font shape `T1/phv/b/n' tried instead on input line 3.
LaTeX Font Info:    Font shape `T1/phv/b/n' will be
(Font)              scaled to size 10.79993pt on input line 3.
LaTeX Font Info:    Try loading font information for TS1+phv on input line 6.

("C:\Program Files\MiKTeX 2.9\tex/latex/psnfss\ts1phv.fd"
File: ts1phv.fd 2001/06/04 scalable font definitions for TS1/phv.
)
LaTeX Font Info:    Font shape `TS1/phv/m/n' will be
(Font)              scaled to size 8.99994pt on input line 6.
)
(namespace_hero_quest_1_1_entidade.tex)
(namespace_hero_quest_1_1_game_system.tex) (namespace_hero_quest_1_1_imagem.tex
[9]) [10]
Cap\'{\i }tulo 6.
(class_hero_quest_1_1_entidade_1_1_arma.tex <./class_hero_quest_1_1_entidade_1_
1_arma__inherit__graph.pdf

pdfTeX warning: pdflatex (file ./class_hero_quest_1_1_entidade_1_1_arma__inheri
t__graph.pdf): PDF inclusion: multiple pdfs with page group included in a singl
e page
>
<class_hero_quest_1_1_entidade_1_1_arma__inherit__graph.pdf, id=862, 211.79124p
t x 156.585pt>
File: class_hero_quest_1_1_entidade_1_1_arma__inherit__graph.pdf Graphic file (
type pdf)
<use class_hero_quest_1_1_entidade_1_1_arma__inherit__graph.pdf>
Package pdftex.def Info: class_hero_quest_1_1_entidade_1_1_arma__inherit__graph
.pdf  used on input line 9.
(pdftex.def)             Requested size: 211.0pt x 156.0064pt.
 <./class_hero_quest_1_1_entidade_1_1_arma__coll__graph.pdf

pdfTeX warning: pdflatex (file ./class_hero_quest_1_1_entidade_1_1_arma__coll__
graph.pdf): PDF inclusion: multiple pdfs with page group included in a single p
age
>
<class_hero_quest_1_1_entidade_1_1_arma__coll__graph.pdf, id=871, 211.79124pt x
 156.585pt>
File: class_hero_quest_1_1_entidade_1_1_arma__coll__graph.pdf Graphic file (typ
e pdf)
<use class_hero_quest_1_1_entidade_1_1_arma__coll__graph.pdf>
Package pdftex.def Info: class_hero_quest_1_1_entidade_1_1_arma__coll__graph.pd
f  used on input line 18.
(pdftex.def)             Requested size: 211.0pt x 156.0064pt.
) (class_hero_quest_1_1_entidade_1_1_armadura.tex [11

]
LaTeX Font Info:    Font shape `T1/pcr/m/it' in size <8> not available
(Font)              Font shape `T1/pcr/m/sl' tried instead on input line 15.

Underfull \hbox (badness 10000) detected at line 24
[][][]
 []

) (class_hero_quest_1_1_entidade_1_1_consum_xC3_xADvel.tex <./class_hero_quest_
1_1_entidade_1_1_consum_xC3_xADvel__inherit__graph.pdf>
<class_hero_quest_1_1_entidade_1_1_consum_xC3_xADvel__inherit__graph.pdf, id=89
0, 237.88875pt x 156.585pt>
File: class_hero_quest_1_1_entidade_1_1_consum_xC3_xADvel__inherit__graph.pdf G
raphic file (type pdf)
<use class_hero_quest_1_1_entidade_1_1_consum_xC3_xADvel__inherit__graph.pdf>
Package pdftex.def Info: class_hero_quest_1_1_entidade_1_1_consum_xC3_xADvel__i
nherit__graph.pdf  used on input line 9.
(pdftex.def)             Requested size: 237.0pt x 156.0064pt.

Underfull \vbox (badness 6842) has occurred while \output is active []

 [12] <./class_hero_quest_1_1_entidade_1_1_consum_xC3_xADvel__coll__graph.pdf

pdfTeX warning: pdflatex (file ./class_hero_quest_1_1_entidade_1_1_consum_xC3_x
ADvel__coll__graph.pdf): PDF inclusion: multiple pdfs with page group included 
in a single page
>
<class_hero_quest_1_1_entidade_1_1_consum_xC3_xADvel__coll__graph.pdf, id=909, 
237.88875pt x 156.585pt>
File: class_hero_quest_1_1_entidade_1_1_consum_xC3_xADvel__coll__graph.pdf Grap
hic file (type pdf)
<use class_hero_quest_1_1_entidade_1_1_consum_xC3_xADvel__coll__graph.pdf>
Package pdftex.def Info: class_hero_quest_1_1_entidade_1_1_consum_xC3_xADvel__c
oll__graph.pdf  used on input line 18.
(pdftex.def)             Requested size: 237.0pt x 156.0064pt.
) (class_hero_quest_1_1_entidade_1_1_entidade.tex <./class_hero_quest_1_1_entid
ade_1_1_entidade__inherit__graph.pdf

pdfTeX warning: pdflatex (file ./class_hero_quest_1_1_entidade_1_1_entidade__in
herit__graph.pdf): PDF inclusion: multiple pdfs with page group included in a s
ingle page
>
<class_hero_quest_1_1_entidade_1_1_entidade__inherit__graph.pdf, id=919, 578.16
pt x 214.8025pt>
File: class_hero_quest_1_1_entidade_1_1_entidade__inherit__graph.pdf Graphic fi
le (type pdf)
<use class_hero_quest_1_1_entidade_1_1_entidade__inherit__graph.pdf>
Package pdftex.def Info: class_hero_quest_1_1_entidade_1_1_entidade__inherit__g
raph.pdf  used on input line 9.
(pdftex.def)             Requested size: 350.0pt x 130.03293pt.

Underfull \vbox (badness 1796) has occurred while \output is active []

 [13] <./class_hero_quest_1_1_entidade_1_1_entidade__coll__graph.pdf>
<class_hero_quest_1_1_entidade_1_1_entidade__coll__graph.pdf, id=937, 418.56375
pt x 234.8775pt>
File: class_hero_quest_1_1_entidade_1_1_entidade__coll__graph.pdf Graphic file 
(type pdf)
<use class_hero_quest_1_1_entidade_1_1_entidade__coll__graph.pdf>
Package pdftex.def Info: class_hero_quest_1_1_entidade_1_1_entidade__coll__grap
h.pdf  used on input line 18.
(pdftex.def)             Requested size: 350.0pt x 196.39977pt.
 [14]
Underfull \hbox (badness 10000) detected at line 83
[][][]
 []

[15]
Underfull \hbox (badness 10000) detected at line 102
[][][]
 []


Underfull \hbox (badness 10000) detected at line 113
[][][]
 []


Underfull \hbox (badness 10000) detected at line 124
[][][]
 []


Overfull \vbox (2.34108pt too high) has occurred while \output is active []


[16]
Underfull \hbox (badness 10000) detected at line 144
[][][]
 []


Underfull \hbox (badness 10000) detected at line 155
[][][]
 []


Underfull \hbox (badness 10000) detected at line 166
[][][]
 []


Underfull \hbox (badness 10000) detected at line 181
[][][]
 []


Underfull \hbox (badness 10000) detected at line 192
[][][]
 []

[17]
Underfull \hbox (badness 10000) detected at line 208
[][][]
 []

) (class_hero_quest_1_1_g_u_i.tex [18])
(class_hero_quest_1_1_entidade_1_1_her_xC3_xB3i.tex <./class_hero_quest_1_1_ent
idade_1_1_her_xC3_xB3i__inherit__graph.pdf

pdfTeX warning: pdflatex (file ./class_hero_quest_1_1_entidade_1_1_her_xC3_xB3i
__inherit__graph.pdf): PDF inclusion: multiple pdfs with page group included in
 a single page
>
<class_hero_quest_1_1_entidade_1_1_her_xC3_xB3i__inherit__graph.pdf, id=1053, 2
26.8475pt x 212.795pt>
File: class_hero_quest_1_1_entidade_1_1_her_xC3_xB3i__inherit__graph.pdf Graphi
c file (type pdf)
<use class_hero_quest_1_1_entidade_1_1_her_xC3_xB3i__inherit__graph.pdf>
Package pdftex.def Info: class_hero_quest_1_1_entidade_1_1_her_xC3_xB3i__inheri
t__graph.pdf  used on input line 9.
(pdftex.def)             Requested size: 226.0pt x 212.0022pt.
 <./class_hero_quest_1_1_entidade_1_1_her_xC3_xB3i__coll__graph.pdf

pdfTeX warning: pdflatex (file ./class_hero_quest_1_1_entidade_1_1_her_xC3_xB3i
__coll__graph.pdf): PDF inclusion: multiple pdfs with page group included in a 
single page
>
<class_hero_quest_1_1_entidade_1_1_her_xC3_xB3i__coll__graph.pdf, id=1062, 655.
44875pt x 292.09125pt>
File: class_hero_quest_1_1_entidade_1_1_her_xC3_xB3i__coll__graph.pdf Graphic f
ile (type pdf)
<use class_hero_quest_1_1_entidade_1_1_her_xC3_xB3i__coll__graph.pdf>
Package pdftex.def Info: class_hero_quest_1_1_entidade_1_1_her_xC3_xB3i__coll__
graph.pdf  used on input line 18.
(pdftex.def)             Requested size: 350.0pt x 155.97087pt.
 [19]) (class_hero_quest_1_1_entidade_1_1_invent_xC3_xA1rio.tex <./class_hero_q
uest_1_1_entidade_1_1_invent_xC3_xA1rio__inherit__graph.pdf>
<class_hero_quest_1_1_entidade_1_1_invent_xC3_xA1rio__inherit__graph.pdf, id=10
79, 228.855pt x 156.585pt>
File: class_hero_quest_1_1_entidade_1_1_invent_xC3_xA1rio__inherit__graph.pdf G
raphic file (type pdf)
<use class_hero_quest_1_1_entidade_1_1_invent_xC3_xA1rio__inherit__graph.pdf>
Package pdftex.def Info: class_hero_quest_1_1_entidade_1_1_invent_xC3_xA1rio__i
nherit__graph.pdf  used on input line 9.
(pdftex.def)             Requested size: 228.0pt x 156.0064pt.
 <./class_hero_quest_1_1_entidade_1_1_invent_xC3_xA1rio__coll__graph.pdf

pdfTeX warning: pdflatex (file ./class_hero_quest_1_1_entidade_1_1_invent_xC3_x
A1rio__coll__graph.pdf): PDF inclusion: multiple pdfs with page group included 
in a single page
>
<class_hero_quest_1_1_entidade_1_1_invent_xC3_xA1rio__coll__graph.pdf, id=1088,
 586.19pt x 167.62625pt>
File: class_hero_quest_1_1_entidade_1_1_invent_xC3_xA1rio__coll__graph.pdf Grap
hic file (type pdf)
<use class_hero_quest_1_1_entidade_1_1_invent_xC3_xA1rio__coll__graph.pdf>
Package pdftex.def Info: class_hero_quest_1_1_entidade_1_1_invent_xC3_xA1rio__c
oll__graph.pdf  used on input line 18.
(pdftex.def)             Requested size: 350.0pt x 100.08542pt.
 [20]) (class_hero_quest_1_1_entidade_1_1_item.tex <./class_hero_quest_1_1_enti
dade_1_1_item__inherit__graph.pdf>
<class_hero_quest_1_1_entidade_1_1_item__inherit__graph.pdf, id=1107, 387.4475p
t x 156.585pt>
File: class_hero_quest_1_1_entidade_1_1_item__inherit__graph.pdf Graphic file (
type pdf)
<use class_hero_quest_1_1_entidade_1_1_item__inherit__graph.pdf>
Package pdftex.def Info: class_hero_quest_1_1_entidade_1_1_item__inherit__graph
.pdf  used on input line 9.
(pdftex.def)             Requested size: 350.0pt x 141.45322pt.
)
(class_hero_quest_1_1_game_system_1_1_jogo.tex [21]
LaTeX Font Info:    Font shape `T1/phv/bx/n' in size <8> not available
(Font)              Font shape `T1/phv/b/n' tried instead on input line 20.
LaTeX Font Info:    Font shape `T1/phv/b/n' will be
(Font)              scaled to size 7.19995pt on input line 20.
LaTeX Font Info:    Font shape `T1/pcr/bx/n' in size <8> not available
(Font)              Font shape `T1/pcr/b/n' tried instead on input line 20.

Underfull \hbox (badness 10000) detected at line 30
[][][]
 []


Underfull \hbox (badness 10000) detected at line 46
[][][]
 []

LaTeX Font Info:    Font shape `T1/pcr/m/it' in size <7> not available
(Font)              Font shape `T1/pcr/m/sl' tried instead on input line 53.
[22]
Underfull \hbox (badness 10000) detected at line 64
[][][]
 []


Underfull \hbox (badness 10000) detected at line 78
[][][]
 []

) (class_hero_quest_1_1_game_system_1_1_loader.tex [23]
Underfull \hbox (badness 10000) detected at line 31
[][][]
 []


Underfull \hbox (badness 10000) detected at line 45
[][][]
 []


Underfull \hbox (badness 10000) detected at line 61
[][][]
 []

) (class_hero_quest_1_1_entidade_1_1_n_p_c.tex <./class_hero_quest_1_1_entidade
_1_1_n_p_c__inherit__graph.pdf

pdfTeX warning: pdflatex (file ./class_hero_quest_1_1_entidade_1_1_n_p_c__inher
it__graph.pdf): PDF inclusion: multiple pdfs with page group included in a sing
le page
>
<class_hero_quest_1_1_entidade_1_1_n_p_c__inherit__graph.pdf, id=1174, 226.8475
pt x 212.795pt>
File: class_hero_quest_1_1_entidade_1_1_n_p_c__inherit__graph.pdf Graphic file 
(type pdf)
<use class_hero_quest_1_1_entidade_1_1_n_p_c__inherit__graph.pdf>
Package pdftex.def Info: class_hero_quest_1_1_entidade_1_1_n_p_c__inherit__grap
h.pdf  used on input line 9.
(pdftex.def)             Requested size: 226.0pt x 212.0022pt.
 [24] <./class_hero_quest_1_1_entidade_1_1_n_p_c__coll__graph.pdf

pdfTeX warning: pdflatex (file ./class_hero_quest_1_1_entidade_1_1_n_p_c__coll_
_graph.pdf): PDF inclusion: multiple pdfs with page group included in a single 
page
>
<class_hero_quest_1_1_entidade_1_1_n_p_c__coll__graph.pdf, id=1189, 655.44875pt
 x 292.09125pt>
File: class_hero_quest_1_1_entidade_1_1_n_p_c__coll__graph.pdf Graphic file (ty
pe pdf)
<use class_hero_quest_1_1_entidade_1_1_n_p_c__coll__graph.pdf>
Package pdftex.def Info: class_hero_quest_1_1_entidade_1_1_n_p_c__coll__graph.p
df  used on input line 18.
(pdftex.def)             Requested size: 350.0pt x 155.97087pt.
) (class_hero_quest_1_1_entidade_1_1_portal.tex <./class_hero_quest_1_1_entidad
e_1_1_portal__inherit__graph.pdf

pdfTeX warning: pdflatex (file ./class_hero_quest_1_1_entidade_1_1_portal__inhe
rit__graph.pdf): PDF inclusion: multiple pdfs with page group included in a sin
gle page
>
<class_hero_quest_1_1_entidade_1_1_portal__inherit__graph.pdf, id=1199, 226.847
5pt x 156.585pt>
File: class_hero_quest_1_1_entidade_1_1_portal__inherit__graph.pdf Graphic file
 (type pdf)
<use class_hero_quest_1_1_entidade_1_1_portal__inherit__graph.pdf>
Package pdftex.def Info: class_hero_quest_1_1_entidade_1_1_portal__inherit__gra
ph.pdf  used on input line 9.
(pdftex.def)             Requested size: 226.0pt x 156.00162pt.
 [25] <./class_hero_quest_1_1_entidade_1_1_portal__coll__graph.pdf>
<class_hero_quest_1_1_entidade_1_1_portal__coll__graph.pdf, id=1217, 422.57875p
t x 234.8775pt>
File: class_hero_quest_1_1_entidade_1_1_portal__coll__graph.pdf Graphic file (t
ype pdf)
<use class_hero_quest_1_1_entidade_1_1_portal__coll__graph.pdf>
Package pdftex.def Info: class_hero_quest_1_1_entidade_1_1_portal__coll__graph.
pdf  used on input line 18.
(pdftex.def)             Requested size: 350.0pt x 194.54329pt.
 [26]
Underfull \hbox (badness 10000) detected at line 38
[][][]
 []

) (class_hero_quest_1_1_pose.tex
Underfull \hbox (badness 10000) detected at line 26
[][][]
 []

[27]
Underfull \hbox (badness 10000) detected at line 42
[][][]
 []

) (class_hero_quest_1_1_game_system_1_1_sala.tex
Underfull \hbox (badness 10000) detected at line 25
[][][]
 []


Underfull \hbox (badness 10000) detected at line 36
[][][]
 []


Underfull \hbox (badness 10000) detected at line 47
[][][]
 []

[28]
Underfull \hbox (badness 10000) detected at line 58
[][][]
 []

) (class_hero_quest_1_1_entidade_1_1_ser.tex <./class_hero_quest_1_1_entidade_1
_1_ser__inherit__graph.pdf

pdfTeX warning: pdflatex (file ./class_hero_quest_1_1_entidade_1_1_ser__inherit
__graph.pdf): PDF inclusion: multiple pdfs with page group included in a single
 page
>
<class_hero_quest_1_1_entidade_1_1_ser__inherit__graph.pdf, id=1268, 357.335pt 
x 212.795pt>
File: class_hero_quest_1_1_entidade_1_1_ser__inherit__graph.pdf Graphic file (t
ype pdf)
<use class_hero_quest_1_1_entidade_1_1_ser__inherit__graph.pdf>
Package pdftex.def Info: class_hero_quest_1_1_entidade_1_1_ser__inherit__graph.
pdf  used on input line 9.
(pdftex.def)             Requested size: 350.0pt x 208.437pt.
 <./class_hero_quest_1_1_entidade_1_1_ser__coll__graph.pdf

pdfTeX warning: pdflatex (file ./class_hero_quest_1_1_entidade_1_1_ser__coll__g
raph.pdf): PDF inclusion: multiple pdfs with page group included in a single pa
ge
>
<class_hero_quest_1_1_entidade_1_1_ser__coll__graph.pdf, id=1277, 655.44875pt x
 234.8775pt>
File: class_hero_quest_1_1_entidade_1_1_ser__coll__graph.pdf Graphic file (type
 pdf)
<use class_hero_quest_1_1_entidade_1_1_ser__coll__graph.pdf>
Package pdftex.def Info: class_hero_quest_1_1_entidade_1_1_ser__coll__graph.pdf
  used on input line 18.
(pdftex.def)             Requested size: 350.0pt x 125.41988pt.
 [29]
Underfull \hbox (badness 10000) detected at line 64
[][][]
 []

[30]
Underfull \hbox (badness 10000) detected at line 75
[][][]
 []


Underfull \hbox (badness 10000) detected at line 86
[][][]
 []


Underfull \hbox (badness 10000) detected at line 97
[][][]
 []


Underfull \hbox (badness 10000) detected at line 108
[][][]
 []


Underfull \hbox (badness 10000) detected at line 123
[][][]
 []

[31]) (class_hero_quest_1_1_imagem_1_1_sprite.tex [32]
Underfull \hbox (badness 10000) detected at line 19
[][][]
 []

) (class_hero_quest_1_1_imagem_1_1_sprite_buffer.tex <./class_hero_quest_1_1_im
agem_1_1_sprite_buffer__coll__graph.pdf

pdfTeX warning: pdflatex (file ./class_hero_quest_1_1_imagem_1_1_sprite_buffer_
_coll__graph.pdf): PDF inclusion: multiple pdfs with page group included in a s
ingle page
>
<class_hero_quest_1_1_imagem_1_1_sprite_buffer__coll__graph.pdf, id=1340, 317.1
85pt x 167.62625pt>
File: class_hero_quest_1_1_imagem_1_1_sprite_buffer__coll__graph.pdf Graphic fi
le (type pdf)
<use class_hero_quest_1_1_imagem_1_1_sprite_buffer__coll__graph.pdf>
Package pdftex.def Info: class_hero_quest_1_1_imagem_1_1_sprite_buffer__coll__g
raph.pdf  used on input line 9.
(pdftex.def)             Requested size: 316.0pt x 167.01451pt.
 [33]) (class_hero_quest_1_1_entidade_1_1_s_xC3_xB3lido.tex <./class_hero_quest
_1_1_entidade_1_1_s_xC3_xB3lido__inherit__graph.pdf>
<class_hero_quest_1_1_entidade_1_1_s_xC3_xB3lido__inherit__graph.pdf, id=1369, 
226.8475pt x 156.585pt>
File: class_hero_quest_1_1_entidade_1_1_s_xC3_xB3lido__inherit__graph.pdf Graph
ic file (type pdf)
<use class_hero_quest_1_1_entidade_1_1_s_xC3_xB3lido__inherit__graph.pdf>
Package pdftex.def Info: class_hero_quest_1_1_entidade_1_1_s_xC3_xB3lido__inher
it__graph.pdf  used on input line 9.
(pdftex.def)             Requested size: 226.0pt x 156.00162pt.
 <./class_hero_quest_1_1_entidade_1_1_s_xC3_xB3lido__coll__graph.pdf

pdfTeX warning: pdflatex (file ./class_hero_quest_1_1_entidade_1_1_s_xC3_xB3lid
o__coll__graph.pdf): PDF inclusion: multiple pdfs with page group included in a
 single page
>
<class_hero_quest_1_1_entidade_1_1_s_xC3_xB3lido__coll__graph.pdf, id=1378, 423
.5825pt x 234.8775pt>
File: class_hero_quest_1_1_entidade_1_1_s_xC3_xB3lido__coll__graph.pdf Graphic 
file (type pdf)
<use class_hero_quest_1_1_entidade_1_1_s_xC3_xB3lido__coll__graph.pdf>
Package pdftex.def Info: class_hero_quest_1_1_entidade_1_1_s_xC3_xB3lido__coll_
_graph.pdf  used on input line 18.
(pdftex.def)             Requested size: 350.0pt x 194.08095pt.
 [34]) (class_hero_quest_1_1_imagem_1_1_tela.tex
Underfull \hbox (badness 10000) detected at line 25
[][][]
 []

[35]
Underfull \hbox (badness 10000) detected at line 41
[][][]
 []


Underfull \hbox (badness 10000) detected at line 57
[][][]
 []


Underfull \hbox (badness 10000) detected at line 68
[][][]
 []

) [36]
Cap\'{\i }tulo 7.
(_arma_8java.tex) (_armadura_8java.tex) (_consum_xC3_x83_xC2_xADvel_8java.tex)
(_entidade_8java.tex [37

]) (_g_u_i_8java.tex) (_her_xC3_x83_xC2_xB3i_8java.tex) (_invent_xC3_x83_xC2_xA
1rio_8java.tex) (_item_8java.tex [38]) (_jogo_8java.tex) (_loader_8java.tex) (_
n_p_c_8java.tex) (_portal_8java.tex [39])
(_pose_8java.tex) (_sala_8java.tex) (_ser_8java.tex) (_sprite_8java.tex
[40]) (_sprite_buffer_8java.tex) (_s_xC3_x83_xC2_xB3lido_8java.tex)
(_tela_8java.tex) [41] [42

] (refman.ind
Overfull \hbox (60.68365pt too wide) in paragraph at lines 13--15
[]\T1/phv/m/n/10 C:/Users/eltsu/Documents/GitHub/MC322-Projeto/JavaUML/Arma.jav
a,
 []


Overfull \hbox (78.60231pt too wide) in paragraph at lines 15--17
[]\T1/phv/m/n/10 C:/Users/eltsu/Documents/GitHub/MC322-Projeto/JavaUML/Armadura
.java,
 []


Overfull \hbox (60.35982pt too wide) in paragraph at lines 17--19
[]\T1/phv/m/n/10 C:/Users/eltsu/Documents/GitHub/MC322-Projeto/JavaUML/Consum-

 []


Overfull \hbox (74.34538pt too wide) in paragraph at lines 19--21
[]\T1/phv/m/n/10 C:/Users/eltsu/Documents/GitHub/MC322-Projeto/JavaUML/Entidade
.java,
 []


Overfull \hbox (54.95972pt too wide) in paragraph at lines 21--23
[]\T1/phv/m/n/10 C:/Users/eltsu/Documents/GitHub/MC322-Projeto/JavaUML/GUI.java
,
 []


Overfull \hbox (65.94377pt too wide) in paragraph at lines 23--25
[]\T1/phv/m/n/10 C:/Users/eltsu/Documents/GitHub/MC322-Projeto/JavaUML/Her$[][
]$i.java,
 []


Overfull \hbox (81.84213pt too wide) in paragraph at lines 25--27
[]\T1/phv/m/n/10 C:/Users/eltsu/Documents/GitHub/MC322-Projeto/JavaUML/Invent
rio.java,
 []


Overfull \hbox (56.46263pt too wide) in paragraph at lines 27--29
[]\T1/phv/m/n/10 C:/Users/eltsu/Documents/GitHub/MC322-Projeto/JavaUML/Item.jav
a,
 []


Overfull \hbox (58.1098pt too wide) in paragraph at lines 29--31
[]\T1/phv/m/n/10 C:/Users/eltsu/Documents/GitHub/MC322-Projeto/JavaUML/Jogo.jav
a,
 []


Overfull \hbox (66.52449pt too wide) in paragraph at lines 31--33
[]\T1/phv/m/n/10 C:/Users/eltsu/Documents/GitHub/MC322-Projeto/JavaUML/Loader.j
ava,
 []


Overfull \hbox (57.68683pt too wide) in paragraph at lines 33--35
[]\T1/phv/m/n/10 C:/Users/eltsu/Documents/GitHub/MC322-Projeto/JavaUML/NPC.java
,
 []


Overfull \hbox (62.37541pt too wide) in paragraph at lines 35--37
[]\T1/phv/m/n/10 C:/Users/eltsu/Documents/GitHub/MC322-Projeto/JavaUML/Portal.j
ava,
 []


Overfull \hbox (58.88377pt too wide) in paragraph at lines 37--39
[]\T1/phv/m/n/10 C:/Users/eltsu/Documents/GitHub/MC322-Projeto/JavaUML/Pose.jav
a,
 []


Overfull \hbox (69.09373pt too wide) in paragraph at lines 39--41
[]\T1/phv/m/n/10 C:/Users/eltsu/Documents/GitHub/MC322-Projeto/JavaUML/S$[][]$
lido.java,
 []


Overfull \hbox (56.96669pt too wide) in paragraph at lines 41--43
[]\T1/phv/m/n/10 C:/Users/eltsu/Documents/GitHub/MC322-Projeto/JavaUML/Sala.jav
a,
 []


Overfull \hbox (52.51175pt too wide) in paragraph at lines 43--45
[]\T1/phv/m/n/10 C:/Users/eltsu/Documents/GitHub/MC322-Projeto/JavaUML/Ser.java
,
 []


Overfull \hbox (62.4655pt too wide) in paragraph at lines 45--47
[]\T1/phv/m/n/10 C:/Users/eltsu/Documents/GitHub/MC322-Projeto/JavaUML/Sprite.j
ava,
 []


Overfull \hbox (85.892pt too wide) in paragraph at lines 47--49
[]\T1/phv/m/n/10 C:/Users/eltsu/Documents/GitHub/MC322-Projeto/JavaUML/SpriteBu
ffer.java,
 []


Overfull \hbox (55.3828pt too wide) in paragraph at lines 49--51
[]\T1/phv/m/n/10 C:/Users/eltsu/Documents/GitHub/MC322-Projeto/JavaUML/Tela.jav
a,
 []

[43


] [44])
Package atveryend Info: Empty hook `BeforeClearDocument' on input line 236.
Package atveryend Info: Empty hook `AfterLastShipout' on input line 236.
 (refman.aux)
Package atveryend Info: Executing hook `AtVeryEndDocument' on input line 236.
Package atveryend Info: Executing hook `AtEndAfterFileList' on input line 236.
Package rerunfilecheck Info: File `refman.out' has not changed.
(rerunfilecheck)             Checksum: 03B807827218F6EE82A69F52276EB7F0;32325.
 ) 
Here is how much of TeX's memory you used:
 17769 strings out of 492895
 277000 string characters out of 3133479
 427534 words of memory out of 3000000
 20913 multiletter control sequences out of 15000+200000
 59565 words of font info for 87 fonts, out of 3000000 for 9000
 1141 hyphenation exceptions out of 8191
 53i,16n,92p,1827b,664s stack positions out of 5000i,500n,10000p,200000b,50000s
{C:/Program Files/MiKTeX 2.9/fonts/enc/dvips/base/8r.enc}<C:/Program Files/Mi
KTeX 2.9/fonts/type1/public/amsfonts/cm/cmmi10.pfb><C:/Program Files/MiKTeX 2.9
/fonts/type1/public/amsfonts/cm/cmmi7.pfb><C:/Program Files/MiKTeX 2.9/fonts/ty
pe1/public/amsfonts/cm/cmmi8.pfb><C:/Program Files/MiKTeX 2.9/fonts/type1/publi
c/amsfonts/cm/cmr10.pfb><C:/Program Files/MiKTeX 2.9/fonts/type1/public/amsfont
s/cm/cmr7.pfb><C:/Program Files/MiKTeX 2.9/fonts/type1/public/amsfonts/cm/cmsy7
.pfb><C:/Program Files/MiKTeX 2.9/fonts/type1/urw/courier/ucrb8a.pfb><C:/Progra
m Files/MiKTeX 2.9/fonts/type1/urw/courier/ucrr8a.pfb><C:/Program Files/MiKTeX 
2.9/fonts/type1/urw/courier/ucrro8a.pfb><C:/Program Files/MiKTeX 2.9/fonts/type
1/urw/helvetic/uhvb8a.pfb><C:/Program Files/MiKTeX 2.9/fonts/type1/urw/helvetic
/uhvb8ac.pfb><C:/Program Files/MiKTeX 2.9/fonts/type1/urw/helvetic/uhvr8a.pfb><
C:/Program Files/MiKTeX 2.9/fonts/type1/urw/helvetic/uhvro8a.pfb>
Output written on refman.pdf (50 pages, 721135 bytes).
PDF statistics:
 1800 PDF objects out of 2073 (max. 8388607)
 368 named destinations out of 1000 (max. 500000)
 1093 words of extra memory for PDF output out of 10000 (max. 10000000)

